
/dev/rdisk2s1: fsck_apfs started at Fri Nov 26 01:27:59 2021

/dev/rdisk1s1: fsck_apfs started at Fri Nov 26 01:27:59 2021

/dev/rdisk3s1: fsck_apfs started at Fri Nov 26 01:27:59 2021
/dev/rdisk1s1: error: container /dev/rdisk1 is mounted with write access; please re-run with -l.
/dev/rdisk3s1: ** QUICKCHECK ONLY; FILESYSTEM CLEAN
/dev/rdisk3s1: fsck_apfs completed at Fri Nov 26 01:27:59 2021
/dev/rdisk1s1: fsck_apfs completed at Fri Nov 26 01:27:59 2021



/dev/rdisk1s2: fsck_apfs started at Fri Nov 26 01:27:59 2021
/dev/rdisk1s2: error: container /dev/rdisk1 is mounted with write access; please re-run with -l.
/dev/rdisk1s2: fsck_apfs completed at Fri Nov 26 01:27:59 2021


/dev/rdisk3s2: fsck_apfs started at Fri Nov 26 01:27:59 2021
/dev/rdisk3s2: error: container /dev/rdisk3 is mounted with write access; please re-run with -l.
/dev/rdisk3s2: fsck_apfs completed at Fri Nov 26 01:27:59 2021


/dev/rdisk1s3: fsck_apfs started at Fri Nov 26 01:27:59 2021

/dev/rdisk3s3: fsck_apfs started at Fri Nov 26 01:27:59 2021
/dev/rdisk1s3: error: container /dev/rdisk1 is mounted with write access; please re-run with -l.
/dev/rdisk1s3: fsck_apfs completed at Fri Nov 26 01:27:59 2021

/dev/rdisk3s3: ** QUICKCHECK ONLY; FILESYSTEM CLEAN
/dev/rdisk3s3: fsck_apfs completed at Fri Nov 26 01:27:59 2021

/dev/rdisk2s1: ** Checking the container superblock.
/dev/rdisk2s1:    Checking the checkpoint with transaction ID 5.
/dev/rdisk2s1: ** Checking the object map.
/dev/rdisk2s1: ** Checking volume /dev/rdisk2s1.
/dev/rdisk2s1: ** Checking the APFS volume superblock.
/dev/rdisk2s1:    The volume Recovery was formatted by newfs_apfs (1933.41.2) and last modified by apfs_kext (1933.41.2).
/dev/rdisk2s1: ** QUICKCHECK ONLY; FILESYSTEM CLEAN

/dev/rdisk1s4: fsck_apfs started at Fri Nov 26 01:27:59 2021
/dev/rdisk1s4: ** QUICKCHECK ONLY; FILESYSTEM CLEAN
/dev/rdisk1s4: fsck_apfs completed at Fri Nov 26 01:27:59 2021

/dev/rdisk2s1: fsck_apfs completed at Fri Nov 26 01:27:59 2021


/dev/rdisk3s5: fsck_apfs started at Fri Nov 26 01:27:59 2021
/dev/rdisk3s5: error: container /dev/rdisk3 is mounted with write access; please re-run with -l.
/dev/rdisk3s5: fsck_apfs completed at Fri Nov 26 01:27:59 2021


/dev/rdisk3s4: fsck_apfs started at Fri Nov 26 01:27:59 2021
/dev/rdisk3s4: error: container /dev/rdisk3 is mounted with write access; please re-run with -l.
/dev/rdisk3s4: fsck_apfs completed at Fri Nov 26 01:27:59 2021


/dev/rdisk3s6: fsck_apfs started at Fri Nov 26 01:27:59 2021
/dev/rdisk3s6: error: container /dev/rdisk3 is mounted with write access; please re-run with -l.
/dev/rdisk3s6: fsck_apfs completed at Fri Nov 26 01:27:59 2021


/dev/rdisk3s1s1: fsck_apfs started at Fri Nov 26 01:28:00 2021
/dev/rdisk3s1s1: ** QUICKCHECK ONLY; FILESYSTEM CLEAN
/dev/rdisk3s1s1: fsck_apfs completed at Fri Nov 26 01:28:00 2021


/dev/rdisk2s2: fsck_apfs started at Fri Nov 26 01:28:05 2021
/dev/rdisk2s2: ** Checking the container superblock.
/dev/rdisk2s2:    Checking the checkpoint with transaction ID 6.
/dev/rdisk2s2: ** Checking the object map.
/dev/rdisk2s2: ** Checking volume /dev/rdisk2s2.
/dev/rdisk2s2: ** Checking the APFS volume superblock.
/dev/rdisk2s2:    The volume Update was formatted by com.apple.MobileSof (1933.41.2) and last modified by .
/dev/rdisk2s2: ** QUICKCHECK ONLY; FILESYSTEM CLEAN
/dev/rdisk2s2: fsck_apfs completed at Fri Nov 26 01:28:05 2021




/dev/rdisk1s2: fsck_apfs started at Fri Nov 26 01:35:37 2021
/dev/rdisk2s1: fsck_apfs started at Fri Nov 26 01:35:37 2021
/dev/rdisk3s1: fsck_apfs started at Fri Nov 26 01:35:37 2021
/dev/rdisk1s2: error: container /dev/rdisk1 is mounted with write access; please re-run with -l.
/dev/rdisk3s1: ** QUICKCHECK ONLY; FILESYSTEM CLEAN
/dev/rdisk1s2: fsck_apfs completed at Fri Nov 26 01:35:37 2021

/dev/rdisk3s1: fsck_apfs completed at Fri Nov 26 01:35:37 2021

/dev/rdisk2s1: ** Checking the container superblock.
/dev/rdisk2s1:    Checking the checkpoint with transaction ID 9.
/dev/rdisk2s1: ** Checking the object map.
/dev/rdisk2s1: ** Checking volume /dev/rdisk2s1.
/dev/rdisk2s1: ** Checking the APFS volume superblock.
/dev/rdisk2s1:    The volume Recovery was formatted by newfs_apfs (1933.41.2) and last modified by apfs_kext (1933.41.2).
/dev/rdisk2s1: ** QUICKCHECK ONLY; FILESYSTEM CLEAN
/dev/rdisk2s1: fsck_apfs completed at Fri Nov 26 01:35:37 2021


/dev/rdisk1s1: fsck_apfs started at Fri Nov 26 01:35:37 2021

/dev/rdisk3s2: fsck_apfs started at Fri Nov 26 01:35:37 2021
/dev/rdisk1s1: error: container /dev/rdisk1 is mounted with write access; please re-run with -l.
/dev/rdisk1s1: fsck_apfs completed at Fri Nov 26 01:35:37 2021

/dev/rdisk3s2: error: container /dev/rdisk3 is mounted with write access; please re-run with -l.
/dev/rdisk3s2: fsck_apfs completed at Fri Nov 26 01:35:37 2021


/dev/rdisk2s2: fsck_apfs started at Fri Nov 26 01:35:37 2021


/dev/rdisk1s3: fsck_apfs started at Fri Nov 26 01:35:37 2021
/dev/rdisk3s3: fsck_apfs started at Fri Nov 26 01:35:37 2021
/dev/rdisk1s3: error: container /dev/rdisk1 is mounted with write access; please re-run with -l.
/dev/rdisk1s3: fsck_apfs completed at Fri Nov 26 01:35:37 2021

/dev/rdisk3s3: ** QUICKCHECK ONLY; FILESYSTEM CLEAN
/dev/rdisk3s3: fsck_apfs completed at Fri Nov 26 01:35:37 2021

/dev/rdisk2s2: ** Checking the container superblock.
/dev/rdisk2s2:    Checking the checkpoint with transaction ID 9.
/dev/rdisk2s2: ** Checking the object map.
/dev/rdisk2s2: ** Checking volume /dev/rdisk2s2.
/dev/rdisk2s2: ** Checking the APFS volume superblock.
/dev/rdisk2s2:    The volume Update was formatted by com.apple.MobileSof (1933.41.2) and last modified by apfs_kext (1933.41.2).
/dev/rdisk2s2: ** QUICKCHECK ONLY; FILESYSTEM CLEAN
/dev/rdisk2s2: fsck_apfs completed at Fri Nov 26 01:35:37 2021


/dev/rdisk1s4: fsck_apfs started at Fri Nov 26 01:35:37 2021

/dev/rdisk3s4: fsck_apfs started at Fri Nov 26 01:35:37 2021
/dev/rdisk1s4: ** QUICKCHECK ONLY; FILESYSTEM CLEAN
/dev/rdisk1s4: fsck_apfs completed at Fri Nov 26 01:35:37 2021

/dev/rdisk3s4: error: container /dev/rdisk3 is mounted with write access; please re-run with -l.
/dev/rdisk3s4: fsck_apfs completed at Fri Nov 26 01:35:37 2021


/dev/rdisk3s5: fsck_apfs started at Fri Nov 26 01:35:37 2021
/dev/rdisk3s5: error: container /dev/rdisk3 is mounted with write access; please re-run with -l.
/dev/rdisk3s5: fsck_apfs completed at Fri Nov 26 01:35:37 2021


/dev/rdisk3s6: fsck_apfs started at Fri Nov 26 01:35:37 2021
/dev/rdisk3s6: error: container /dev/rdisk3 is mounted with write access; please re-run with -l.
/dev/rdisk3s6: fsck_apfs completed at Fri Nov 26 01:35:37 2021


/dev/rdisk3s1s1: fsck_apfs started at Fri Nov 26 01:35:37 2021
/dev/rdisk3s1s1: ** QUICKCHECK ONLY; FILESYSTEM CLEAN
/dev/rdisk3s1s1: fsck_apfs completed at Fri Nov 26 01:35:37 2021



/dev/rdisk1s1: fsck_apfs started at Mon Jan 31 14:08:57 2022
/dev/rdisk2s1: fsck_apfs started at Mon Jan 31 14:08:57 2022
/dev/rdisk1s1: error: container /dev/rdisk1 is mounted with write access; please re-run with -l.
/dev/rdisk1s1: fsck_apfs completed at Mon Jan 31 14:08:57 2022


/dev/rdisk3s1: fsck_apfs started at Mon Jan 31 14:08:57 2022
/dev/rdisk3s1: ** QUICKCHECK ONLY; FILESYSTEM CLEAN
/dev/rdisk3s1: fsck_apfs completed at Mon Jan 31 14:08:57 2022


/dev/rdisk1s2: fsck_apfs started at Mon Jan 31 14:08:57 2022

/dev/rdisk3s2: fsck_apfs started at Mon Jan 31 14:08:57 2022
/dev/rdisk3s2: error: container /dev/rdisk3 is mounted with write access; please re-run with -l.
/dev/rdisk3s2: fsck_apfs completed at Mon Jan 31 14:08:57 2022

/dev/rdisk1s2: error: container /dev/rdisk1 is mounted with write access; please re-run with -l.
/dev/rdisk1s2: fsck_apfs completed at Mon Jan 31 14:08:57 2022

/dev/rdisk2s1: ** Checking the container superblock.
/dev/rdisk2s1:    Checking the checkpoint with transaction ID 9.
/dev/rdisk2s1: ** Checking the object map.
/dev/rdisk2s1: ** Checking volume /dev/rdisk2s1.
/dev/rdisk2s1: ** Checking the APFS volume superblock.
/dev/rdisk2s1:    The volume Recovery was formatted by newfs_apfs (1933.41.2) and last modified by apfs_kext (1933.41.2).
/dev/rdisk2s1: ** QUICKCHECK ONLY; FILESYSTEM CLEAN
/dev/rdisk2s1: fsck_apfs completed at Mon Jan 31 14:08:57 2022


/dev/rdisk3s3: fsck_apfs started at Mon Jan 31 14:08:57 2022

/dev/rdisk1s3: fsck_apfs started at Mon Jan 31 14:08:57 2022
/dev/rdisk3s3: ** QUICKCHECK ONLY; FILESYSTEM CLEAN
/dev/rdisk3s3: fsck_apfs completed at Mon Jan 31 14:08:57 2022

/dev/rdisk1s3: error: container /dev/rdisk1 is mounted with write access; please re-run with -l.
/dev/rdisk1s3: fsck_apfs completed at Mon Jan 31 14:08:57 2022


/dev/rdisk2s2: fsck_apfs started at Mon Jan 31 14:08:57 2022

/dev/rdisk1s4: fsck_apfs started at Mon Jan 31 14:08:57 2022

/dev/rdisk3s4: fsck_apfs started at Mon Jan 31 14:08:57 2022
/dev/rdisk3s4: error: container /dev/rdisk3 is mounted with write access; please re-run with -l.
/dev/rdisk3s4: fsck_apfs completed at Mon Jan 31 14:08:57 2022

/dev/rdisk1s4: ** QUICKCHECK ONLY; FILESYSTEM CLEAN
/dev/rdisk1s4: fsck_apfs completed at Mon Jan 31 14:08:57 2022


/dev/rdisk3s5: fsck_apfs started at Mon Jan 31 14:08:57 2022
/dev/rdisk3s5: error: container /dev/rdisk3 is mounted with write access; please re-run with -l.
/dev/rdisk3s5: fsck_apfs completed at Mon Jan 31 14:08:57 2022


/dev/rdisk3s6: fsck_apfs started at Mon Jan 31 14:08:57 2022
/dev/rdisk3s6: error: container /dev/rdisk3 is mounted with write access; please re-run with -l.
/dev/rdisk3s6: fsck_apfs completed at Mon Jan 31 14:08:57 2022

/dev/rdisk2s2: ** Checking the container superblock.
/dev/rdisk2s2:    Checking the checkpoint with transaction ID 9.
/dev/rdisk2s2: ** Checking the object map.
/dev/rdisk2s2: ** Checking volume /dev/rdisk2s2.
/dev/rdisk2s2: ** Checking the APFS volume superblock.
/dev/rdisk2s2:    The volume Update was formatted by com.apple.MobileSof (1933.41.2) and last modified by apfs_kext (1933.41.2).
/dev/rdisk2s2: ** QUICKCHECK ONLY; FILESYSTEM CLEAN
/dev/rdisk2s2: fsck_apfs completed at Mon Jan 31 14:08:57 2022


/dev/rdisk3s1s1: fsck_apfs started at Mon Jan 31 14:08:57 2022
/dev/rdisk3s1s1: ** QUICKCHECK ONLY; FILESYSTEM CLEAN
/dev/rdisk3s1s1: fsck_apfs completed at Mon Jan 31 14:08:57 2022



/dev/rdisk2s1: fsck_apfs started at Tue Feb  1 00:36:10 2022
/dev/rdisk1s1: fsck_apfs started at Tue Feb  1 00:36:10 2022
/dev/rdisk1s1: error: container /dev/rdisk1 is mounted with write access; please re-run with -l.
/dev/rdisk1s1: fsck_apfs completed at Tue Feb  1 00:36:10 2022


/dev/rdisk3s1: fsck_apfs started at Tue Feb  1 00:36:10 2022
/dev/rdisk3s1: ** QUICKCHECK ONLY; FILESYSTEM CLEAN
/dev/rdisk3s1: fsck_apfs completed at Tue Feb  1 00:36:10 2022


/dev/rdisk1s2: fsck_apfs started at Tue Feb  1 00:36:10 2022

/dev/rdisk3s2: fsck_apfs started at Tue Feb  1 00:36:10 2022
/dev/rdisk1s2: error: container /dev/rdisk1 is mounted with write access; please re-run with -l.
/dev/rdisk1s2: fsck_apfs completed at Tue Feb  1 00:36:10 2022

/dev/rdisk3s2: error: container /dev/rdisk3 is mounted with write access; please re-run with -l.
/dev/rdisk3s2: fsck_apfs completed at Tue Feb  1 00:36:10 2022


/dev/rdisk3s3: fsck_apfs started at Tue Feb  1 00:36:10 2022
/dev/rdisk3s3: ** QUICKCHECK ONLY; FILESYSTEM CLEAN
/dev/rdisk3s3: fsck_apfs completed at Tue Feb  1 00:36:10 2022


/dev/rdisk1s3: fsck_apfs started at Tue Feb  1 00:36:10 2022
/dev/rdisk2s1: ** Checking the container superblock.
/dev/rdisk1s3: error: container /dev/rdisk1 is mounted with write access; please re-run with -l.
/dev/rdisk1s3: fsck_apfs completed at Tue Feb  1 00:36:10 2022

/dev/rdisk2s1:    Checking the checkpoint with transaction ID 9.
/dev/rdisk2s1: ** Checking the object map.
/dev/rdisk2s1: ** Checking volume /dev/rdisk2s1.
/dev/rdisk2s1: ** Checking the APFS volume superblock.
/dev/rdisk2s1:    The volume Recovery was formatted by newfs_apfs (1933.41.2) and last modified by apfs_kext (1933.41.2).
/dev/rdisk2s1: ** QUICKCHECK ONLY; FILESYSTEM CLEAN
/dev/rdisk2s1: fsck_apfs completed at Tue Feb  1 00:36:10 2022


/dev/rdisk3s4: fsck_apfs started at Tue Feb  1 00:36:10 2022

/dev/rdisk1s4: fsck_apfs started at Tue Feb  1 00:36:10 2022
/dev/rdisk3s4: error: container /dev/rdisk3 is mounted with write access; please re-run with -l.
/dev/rdisk3s4: fsck_apfs completed at Tue Feb  1 00:36:10 2022

/dev/rdisk1s4: ** QUICKCHECK ONLY; FILESYSTEM CLEAN
/dev/rdisk1s4: fsck_apfs completed at Tue Feb  1 00:36:10 2022


/dev/rdisk2s2: fsck_apfs started at Tue Feb  1 00:36:10 2022

/dev/rdisk3s6: fsck_apfs started at Tue Feb  1 00:36:10 2022
/dev/rdisk3s6: error: container /dev/rdisk3 is mounted with write access; please re-run with -l.
/dev/rdisk3s6: fsck_apfs completed at Tue Feb  1 00:36:10 2022


/dev/rdisk3s5: fsck_apfs started at Tue Feb  1 00:36:10 2022
/dev/rdisk3s5: error: container /dev/rdisk3 is mounted with write access; please re-run with -l.
/dev/rdisk3s5: fsck_apfs completed at Tue Feb  1 00:36:10 2022

/dev/rdisk2s2: ** Checking the container superblock.
/dev/rdisk2s2:    Checking the checkpoint with transaction ID 9.
/dev/rdisk2s2: ** Checking the object map.
/dev/rdisk2s2: ** Checking volume /dev/rdisk2s2.
/dev/rdisk2s2: ** Checking the APFS volume superblock.
/dev/rdisk2s2:    The volume Update was formatted by com.apple.MobileSof (1933.41.2) and last modified by apfs_kext (1933.41.2).
/dev/rdisk2s2: ** QUICKCHECK ONLY; FILESYSTEM CLEAN
/dev/rdisk2s2: fsck_apfs completed at Tue Feb  1 00:36:10 2022


/dev/rdisk3s1s1: fsck_apfs started at Tue Feb  1 00:36:10 2022
/dev/rdisk3s1s1: ** QUICKCHECK ONLY; FILESYSTEM CLEAN
/dev/rdisk3s1s1: fsck_apfs completed at Tue Feb  1 00:36:10 2022



/dev/rdisk2s1: fsck_apfs started at Sun Feb 13 11:13:20 2022
/dev/rdisk3s2: fsck_apfs started at Sun Feb 13 11:13:20 2022

/dev/rdisk1s1: fsck_apfs started at Sun Feb 13 11:13:20 2022
/dev/rdisk3s2: error: container /dev/rdisk3 is mounted with write access; please re-run with -l.
/dev/rdisk1s1: error: container /dev/rdisk1 is mounted with write access; please re-run with -l.
/dev/rdisk3s2: fsck_apfs completed at Sun Feb 13 11:13:20 2022
/dev/rdisk1s1: fsck_apfs completed at Sun Feb 13 11:13:20 2022




/dev/rdisk1s2: fsck_apfs started at Sun Feb 13 11:13:20 2022
/dev/rdisk3s1: fsck_apfs started at Sun Feb 13 11:13:20 2022
/dev/rdisk3s1: ** QUICKCHECK ONLY; FILESYSTEM CLEAN
/dev/rdisk3s1: fsck_apfs completed at Sun Feb 13 11:13:20 2022

/dev/rdisk1s2: error: container /dev/rdisk1 is mounted with write access; please re-run with -l.
/dev/rdisk1s2: fsck_apfs completed at Sun Feb 13 11:13:20 2022

/dev/rdisk2s1: ** Checking the container superblock.
/dev/rdisk2s1:    Checking the checkpoint with transaction ID 9.
/dev/rdisk2s1: ** Checking the object map.
/dev/rdisk2s1: ** Checking volume /dev/rdisk2s1.
/dev/rdisk2s1: ** Checking the APFS volume superblock.
/dev/rdisk2s1:    The volume Recovery was formatted by newfs_apfs (1933.41.2) and last modified by apfs_kext (1933.41.2).
/dev/rdisk2s1: ** QUICKCHECK ONLY; FILESYSTEM CLEAN

/dev/rdisk1s3: fsck_apfs started at Sun Feb 13 11:13:20 2022

/dev/rdisk3s6: fsck_apfs started at Sun Feb 13 11:13:20 2022
/dev/rdisk1s3: error: container /dev/rdisk1 is mounted with write access; please re-run with -l.
/dev/rdisk1s3: fsck_apfs completed at Sun Feb 13 11:13:21 2022

/dev/rdisk3s6: error: container /dev/rdisk3 is mounted with write access; please re-run with -l.
/dev/rdisk3s6: fsck_apfs completed at Sun Feb 13 11:13:21 2022

/dev/rdisk2s1: fsck_apfs completed at Sun Feb 13 11:13:21 2022



/dev/rdisk2s2: fsck_apfs started at Sun Feb 13 11:13:21 2022

/dev/rdisk1s4: fsck_apfs started at Sun Feb 13 11:13:21 2022
/dev/rdisk3s3: fsck_apfs started at Sun Feb 13 11:13:21 2022
/dev/rdisk1s4: ** QUICKCHECK ONLY; FILESYSTEM CLEAN
/dev/rdisk1s4: fsck_apfs completed at Sun Feb 13 11:13:21 2022

/dev/rdisk3s3: ** QUICKCHECK ONLY; FILESYSTEM CLEAN
/dev/rdisk3s3: fsck_apfs completed at Sun Feb 13 11:13:21 2022


/dev/rdisk3s5: fsck_apfs started at Sun Feb 13 11:13:21 2022
/dev/rdisk3s5: error: container /dev/rdisk3 is mounted with write access; please re-run with -l.
/dev/rdisk3s5: fsck_apfs completed at Sun Feb 13 11:13:21 2022

/dev/rdisk2s2: ** Checking the container superblock.
/dev/rdisk2s2:    Checking the checkpoint with transaction ID 9.
/dev/rdisk2s2: ** Checking the object map.
/dev/rdisk2s2: ** Checking volume /dev/rdisk2s2.
/dev/rdisk2s2: ** Checking the APFS volume superblock.
/dev/rdisk2s2:    The volume Update was formatted by com.apple.MobileSof (1933.41.2) and last modified by apfs_kext (1933.41.2).
/dev/rdisk2s2: ** QUICKCHECK ONLY; FILESYSTEM CLEAN
/dev/rdisk2s2: fsck_apfs completed at Sun Feb 13 11:13:21 2022


/dev/rdisk3s4: fsck_apfs started at Sun Feb 13 11:13:21 2022
/dev/rdisk3s4: error: container /dev/rdisk3 is mounted with write access; please re-run with -l.
/dev/rdisk3s4: fsck_apfs completed at Sun Feb 13 11:13:21 2022


/dev/rdisk3s1s1: fsck_apfs started at Sun Feb 13 11:13:21 2022
/dev/rdisk3s1s1: ** QUICKCHECK ONLY; FILESYSTEM CLEAN
/dev/rdisk3s1s1: fsck_apfs completed at Sun Feb 13 11:13:21 2022



/dev/rdisk2s1: fsck_apfs started at Mon Feb 14 21:50:30 2022
/dev/rdisk1s1: fsck_apfs started at Mon Feb 14 21:50:30 2022
/dev/rdisk1s1: error: container /dev/rdisk1 is mounted with write access; please re-run with -l.
/dev/rdisk1s1: fsck_apfs completed at Mon Feb 14 21:50:30 2022


/dev/rdisk3s1: fsck_apfs started at Mon Feb 14 21:50:30 2022
/dev/rdisk3s1: ** QUICKCHECK ONLY; FILESYSTEM CLEAN
/dev/rdisk3s1: fsck_apfs completed at Mon Feb 14 21:50:30 2022


/dev/rdisk1s2: fsck_apfs started at Mon Feb 14 21:50:30 2022
/dev/rdisk1s2: error: container /dev/rdisk1 is mounted with write access; please re-run with -l.
/dev/rdisk1s2: fsck_apfs completed at Mon Feb 14 21:50:30 2022


/dev/rdisk3s2: fsck_apfs started at Mon Feb 14 21:50:30 2022
/dev/rdisk3s2: error: container /dev/rdisk3 is mounted with write access; please re-run with -l.
/dev/rdisk3s2: fsck_apfs completed at Mon Feb 14 21:50:30 2022


/dev/rdisk1s3: fsck_apfs started at Mon Feb 14 21:50:30 2022
/dev/rdisk1s3: error: container /dev/rdisk1 is mounted with write access; please re-run with -l.
/dev/rdisk1s3: fsck_apfs completed at Mon Feb 14 21:50:30 2022

/dev/rdisk2s1: ** Checking the container superblock.

/dev/rdisk3s3: fsck_apfs started at Mon Feb 14 21:50:30 2022
/dev/rdisk2s1:    Checking the checkpoint with transaction ID 9.
/dev/rdisk2s1: ** Checking the object map.
/dev/rdisk2s1: ** Checking volume /dev/rdisk2s1.
/dev/rdisk2s1: ** Checking the APFS volume superblock.
/dev/rdisk2s1:    The volume Recovery was formatted by newfs_apfs (1933.41.2) and last modified by apfs_kext (1933.41.2).
/dev/rdisk2s1: ** QUICKCHECK ONLY; FILESYSTEM CLEAN
/dev/rdisk3s3: ** QUICKCHECK ONLY; FILESYSTEM CLEAN
/dev/rdisk3s3: fsck_apfs completed at Mon Feb 14 21:50:30 2022

/dev/rdisk2s1: fsck_apfs completed at Mon Feb 14 21:50:30 2022


/dev/rdisk1s4: fsck_apfs started at Mon Feb 14 21:50:30 2022
/dev/rdisk1s4: ** QUICKCHECK ONLY; FILESYSTEM CLEAN
/dev/rdisk1s4: fsck_apfs completed at Mon Feb 14 21:50:30 2022


/dev/rdisk3s4: fsck_apfs started at Mon Feb 14 21:50:30 2022

/dev/rdisk2s2: fsck_apfs started at Mon Feb 14 21:50:30 2022
/dev/rdisk3s4: error: container /dev/rdisk3 is mounted with write access; please re-run with -l.
/dev/rdisk3s4: fsck_apfs completed at Mon Feb 14 21:50:30 2022


/dev/rdisk3s6: fsck_apfs started at Mon Feb 14 21:50:30 2022
/dev/rdisk3s6: error: container /dev/rdisk3 is mounted with write access; please re-run with -l.
/dev/rdisk3s6: fsck_apfs completed at Mon Feb 14 21:50:30 2022

/dev/rdisk2s2: ** Checking the container superblock.
/dev/rdisk2s2:    Checking the checkpoint with transaction ID 9.
/dev/rdisk2s2: ** Checking the object map.
/dev/rdisk2s2: ** Checking volume /dev/rdisk2s2.
/dev/rdisk2s2: ** Checking the APFS volume superblock.
/dev/rdisk2s2:    The volume Update was formatted by com.apple.MobileSof (1933.41.2) and last modified by apfs_kext (1933.41.2).
/dev/rdisk2s2: ** QUICKCHECK ONLY; FILESYSTEM CLEAN

/dev/rdisk3s5: fsck_apfs started at Mon Feb 14 21:50:30 2022
/dev/rdisk3s5: error: container /dev/rdisk3 is mounted with write access; please re-run with -l.
/dev/rdisk3s5: fsck_apfs completed at Mon Feb 14 21:50:30 2022

/dev/rdisk2s2: fsck_apfs completed at Mon Feb 14 21:50:30 2022


/dev/rdisk3s1s1: fsck_apfs started at Mon Feb 14 21:50:30 2022
/dev/rdisk3s1s1: ** QUICKCHECK ONLY; FILESYSTEM CLEAN
/dev/rdisk3s1s1: fsck_apfs completed at Mon Feb 14 21:50:30 2022




/dev/rdisk1s1: fsck_apfs started at Wed Mar  2 21:25:15 2022
/dev/rdisk2s1: fsck_apfs started at Wed Mar  2 21:25:15 2022
/dev/rdisk3s1: fsck_apfs started at Wed Mar  2 21:25:15 2022
/dev/rdisk1s1: error: container /dev/rdisk1 is mounted with write access; please re-run with -l.
/dev/rdisk1s1: fsck_apfs completed at Wed Mar  2 21:25:15 2022

/dev/rdisk3s1: ** QUICKCHECK ONLY; FILESYSTEM CLEAN
/dev/rdisk3s1: fsck_apfs completed at Wed Mar  2 21:25:15 2022


/dev/rdisk1s2: fsck_apfs started at Wed Mar  2 21:25:15 2022
/dev/rdisk1s2: error: container /dev/rdisk1 is mounted with write access; please re-run with -l.
/dev/rdisk1s2: fsck_apfs completed at Wed Mar  2 21:25:15 2022


/dev/rdisk3s2: fsck_apfs started at Wed Mar  2 21:25:15 2022
/dev/rdisk3s2: error: container /dev/rdisk3 is mounted with write access; please re-run with -l.
/dev/rdisk3s2: fsck_apfs completed at Wed Mar  2 21:25:15 2022


/dev/rdisk1s3: fsck_apfs started at Wed Mar  2 21:25:15 2022

/dev/rdisk3s3: fsck_apfs started at Wed Mar  2 21:25:15 2022
/dev/rdisk1s3: error: container /dev/rdisk1 is mounted with write access; please re-run with -l.
/dev/rdisk1s3: fsck_apfs completed at Wed Mar  2 21:25:15 2022

/dev/rdisk3s3: ** QUICKCHECK ONLY; FILESYSTEM CLEAN
/dev/rdisk3s3: fsck_apfs completed at Wed Mar  2 21:25:15 2022

/dev/rdisk2s1: ** Checking the container superblock.
/dev/rdisk2s1:    Checking the checkpoint with transaction ID 19.
/dev/rdisk2s1: ** Checking the object map.
/dev/rdisk2s1: ** Checking volume /dev/rdisk2s1.
/dev/rdisk2s1: ** Checking the APFS volume superblock.
/dev/rdisk2s1:    The volume Recovery was formatted by newfs_apfs (1933.41.2) and last modified by apfs_kext (1933.41.2).
/dev/rdisk2s1: ** QUICKCHECK ONLY; FILESYSTEM CLEAN
/dev/rdisk2s1: fsck_apfs completed at Wed Mar  2 21:25:15 2022


/dev/rdisk1s4: fsck_apfs started at Wed Mar  2 21:25:15 2022
/dev/rdisk1s4: ** QUICKCHECK ONLY; FILESYSTEM CLEAN
/dev/rdisk1s4: fsck_apfs completed at Wed Mar  2 21:25:15 2022


/dev/rdisk3s4: fsck_apfs started at Wed Mar  2 21:25:15 2022

/dev/rdisk2s2: fsck_apfs started at Wed Mar  2 21:25:15 2022
/dev/rdisk3s4: error: container /dev/rdisk3 is mounted with write access; please re-run with -l.
/dev/rdisk3s4: fsck_apfs completed at Wed Mar  2 21:25:15 2022


/dev/rdisk3s5: fsck_apfs started at Wed Mar  2 21:25:15 2022
/dev/rdisk3s5: error: container /dev/rdisk3 is mounted with write access; please re-run with -l.
/dev/rdisk3s5: fsck_apfs completed at Wed Mar  2 21:25:15 2022


/dev/rdisk3s6: fsck_apfs started at Wed Mar  2 21:25:15 2022
/dev/rdisk3s6: error: container /dev/rdisk3 is mounted with write access; please re-run with -l.
/dev/rdisk3s6: fsck_apfs completed at Wed Mar  2 21:25:15 2022


/dev/rdisk3s1s1: fsck_apfs started at Wed Mar  2 21:25:15 2022
/dev/rdisk3s1s1: ** QUICKCHECK ONLY; FILESYSTEM CLEAN
/dev/rdisk3s1s1: fsck_apfs completed at Wed Mar  2 21:25:15 2022

/dev/rdisk2s2: ** Checking the container superblock.
/dev/rdisk2s2:    Checking the checkpoint with transaction ID 19.
/dev/rdisk2s2: ** Checking the object map.
/dev/rdisk2s2: ** Checking volume /dev/rdisk2s2.
/dev/rdisk2s2: ** Checking the APFS volume superblock.
/dev/rdisk2s2:    The volume Update was formatted by com.apple.MobileSof (1933.41.2) and last modified by apfs_kext (1933.41.2).
/dev/rdisk2s2: ** QUICKCHECK ONLY; FILESYSTEM CLEAN
/dev/rdisk2s2: fsck_apfs completed at Wed Mar  2 21:25:15 2022



/dev/rdisk3s1: fsck_apfs started at Sat Mar  5 11:49:48 2022
/dev/rdisk2s1: fsck_apfs started at Sat Mar  5 11:49:48 2022

/dev/rdisk1s1: fsck_apfs started at Sat Mar  5 11:49:48 2022
/dev/rdisk1s1: error: container /dev/rdisk1 is mounted with write access; please re-run with -l.
/dev/rdisk3s1: ** QUICKCHECK ONLY; FILESYSTEM CLEAN
/dev/rdisk3s1: fsck_apfs completed at Sat Mar  5 11:49:48 2022
/dev/rdisk1s1: fsck_apfs completed at Sat Mar  5 11:49:48 2022



/dev/rdisk1s2: fsck_apfs started at Sat Mar  5 11:49:48 2022

/dev/rdisk3s2: fsck_apfs started at Sat Mar  5 11:49:48 2022
/dev/rdisk1s2: error: container /dev/rdisk1 is mounted with write access; please re-run with -l.
/dev/rdisk1s2: fsck_apfs completed at Sat Mar  5 11:49:48 2022

/dev/rdisk3s2: error: container /dev/rdisk3 is mounted with write access; please re-run with -l.
/dev/rdisk3s2: fsck_apfs completed at Sat Mar  5 11:49:48 2022


/dev/rdisk1s3: fsck_apfs started at Sat Mar  5 11:49:48 2022
/dev/rdisk1s3: error: container /dev/rdisk1 is mounted with write access; please re-run with -l.
/dev/rdisk1s3: fsck_apfs completed at Sat Mar  5 11:49:48 2022

/dev/rdisk2s1: ** Checking the container superblock.
/dev/rdisk2s1:    Checking the checkpoint with transaction ID 19.
/dev/rdisk2s1: ** Checking the object map.
/dev/rdisk2s1: ** Checking volume /dev/rdisk2s1.
/dev/rdisk2s1: ** Checking the APFS volume superblock.
/dev/rdisk2s1:    The volume Recovery was formatted by newfs_apfs (1933.41.2) and last modified by apfs_kext (1933.41.2).
/dev/rdisk2s1: ** QUICKCHECK ONLY; FILESYSTEM CLEAN
/dev/rdisk2s1: fsck_apfs completed at Sat Mar  5 11:49:48 2022


/dev/rdisk3s3: fsck_apfs started at Sat Mar  5 11:49:48 2022

/dev/rdisk1s4: fsck_apfs started at Sat Mar  5 11:49:48 2022
/dev/rdisk3s3: ** QUICKCHECK ONLY; FILESYSTEM CLEAN
/dev/rdisk3s3: fsck_apfs completed at Sat Mar  5 11:49:48 2022

/dev/rdisk1s4: ** QUICKCHECK ONLY; FILESYSTEM CLEAN
/dev/rdisk1s4: fsck_apfs completed at Sat Mar  5 11:49:48 2022


/dev/rdisk2s2: fsck_apfs started at Sat Mar  5 11:49:48 2022
/dev/rdisk2s2: ** Checking the container superblock.

/dev/rdisk3s4: fsck_apfs started at Sat Mar  5 11:49:48 2022
/dev/rdisk3s4: error: container /dev/rdisk3 is mounted with write access; please re-run with -l.
/dev/rdisk3s4: fsck_apfs completed at Sat Mar  5 11:49:48 2022

/dev/rdisk2s2:    Checking the checkpoint with transaction ID 19.
/dev/rdisk2s2: ** Checking the object map.
/dev/rdisk2s2: ** Checking volume /dev/rdisk2s2.
/dev/rdisk2s2: ** Checking the APFS volume superblock.
/dev/rdisk2s2:    The volume Update was formatted by com.apple.MobileSof (1933.41.2) and last modified by apfs_kext (1933.41.2).
/dev/rdisk2s2: ** QUICKCHECK ONLY; FILESYSTEM CLEAN
/dev/rdisk2s2: fsck_apfs completed at Sat Mar  5 11:49:48 2022


/dev/rdisk3s5: fsck_apfs started at Sat Mar  5 11:49:48 2022
/dev/rdisk3s5: error: container /dev/rdisk3 is mounted with write access; please re-run with -l.
/dev/rdisk3s5: fsck_apfs completed at Sat Mar  5 11:49:48 2022


/dev/rdisk3s6: fsck_apfs started at Sat Mar  5 11:49:48 2022
/dev/rdisk3s6: error: container /dev/rdisk3 is mounted with write access; please re-run with -l.
/dev/rdisk3s6: fsck_apfs completed at Sat Mar  5 11:49:48 2022


/dev/rdisk3s1s1: fsck_apfs started at Sat Mar  5 11:49:48 2022
/dev/rdisk3s1s1: ** QUICKCHECK ONLY; FILESYSTEM CLEAN
/dev/rdisk3s1s1: fsck_apfs completed at Sat Mar  5 11:49:48 2022


/dev/rdisk1s3: fsck_apfs started at Sun Mar  6 21:20:58 2022

/dev/rdisk2s1: fsck_apfs started at Sun Mar  6 21:20:58 2022
/dev/rdisk1s3: error: container /dev/rdisk1 is mounted with write access; please re-run with -l.

/dev/rdisk3s1: fsck_apfs started at Sun Mar  6 21:20:58 2022
/dev/rdisk1s3: fsck_apfs completed at Sun Mar  6 21:20:58 2022

/dev/rdisk3s1: ** QUICKCHECK ONLY; FILESYSTEM CLEAN
/dev/rdisk3s1: fsck_apfs completed at Sun Mar  6 21:20:58 2022


/dev/rdisk1s2: fsck_apfs started at Sun Mar  6 21:20:58 2022

/dev/rdisk3s2: fsck_apfs started at Sun Mar  6 21:20:58 2022
/dev/rdisk3s2: error: container /dev/rdisk3 is mounted with write access; please re-run with -l.
/dev/rdisk3s2: fsck_apfs completed at Sun Mar  6 21:20:58 2022

/dev/rdisk1s2: error: container /dev/rdisk1 is mounted with write access; please re-run with -l.
/dev/rdisk1s2: fsck_apfs completed at Sun Mar  6 21:20:58 2022

/dev/rdisk2s1: ** Checking the container superblock.
/dev/rdisk2s1:    Checking the checkpoint with transaction ID 19.
/dev/rdisk2s1: ** Checking the object map.
/dev/rdisk2s1: ** Checking volume /dev/rdisk2s1.
/dev/rdisk2s1: ** Checking the APFS volume superblock.
/dev/rdisk2s1:    The volume Recovery was formatted by newfs_apfs (1933.41.2) and last modified by apfs_kext (1933.41.2).
/dev/rdisk2s1: ** QUICKCHECK ONLY; FILESYSTEM CLEAN
/dev/rdisk2s1: fsck_apfs completed at Sun Mar  6 21:20:58 2022


/dev/rdisk1s1: fsck_apfs started at Sun Mar  6 21:20:58 2022

/dev/rdisk3s3: fsck_apfs started at Sun Mar  6 21:20:58 2022
/dev/rdisk1s1: error: container /dev/rdisk1 is mounted with write access; please re-run with -l.
/dev/rdisk1s1: fsck_apfs completed at Sun Mar  6 21:20:58 2022

/dev/rdisk3s3: ** QUICKCHECK ONLY; FILESYSTEM CLEAN
/dev/rdisk3s3: fsck_apfs completed at Sun Mar  6 21:20:58 2022


/dev/rdisk1s4: fsck_apfs started at Sun Mar  6 21:20:58 2022
/dev/rdisk1s4: ** QUICKCHECK ONLY; FILESYSTEM CLEAN
/dev/rdisk1s4: fsck_apfs completed at Sun Mar  6 21:20:58 2022


/dev/rdisk2s2: fsck_apfs started at Sun Mar  6 21:20:58 2022

/dev/rdisk3s4: fsck_apfs started at Sun Mar  6 21:20:58 2022
/dev/rdisk3s4: error: container /dev/rdisk3 is mounted with write access; please re-run with -l.
/dev/rdisk3s4: fsck_apfs completed at Sun Mar  6 21:20:58 2022


/dev/rdisk3s5: fsck_apfs started at Sun Mar  6 21:20:58 2022
/dev/rdisk3s5: error: container /dev/rdisk3 is mounted with write access; please re-run with -l.
/dev/rdisk3s5: fsck_apfs completed at Sun Mar  6 21:20:58 2022


/dev/rdisk3s6: fsck_apfs started at Sun Mar  6 21:20:58 2022
/dev/rdisk3s6: error: container /dev/rdisk3 is mounted with write access; please re-run with -l.
/dev/rdisk3s6: fsck_apfs completed at Sun Mar  6 21:20:58 2022


/dev/rdisk3s1s1: fsck_apfs started at Sun Mar  6 21:20:58 2022
/dev/rdisk3s1s1: ** QUICKCHECK ONLY; FILESYSTEM CLEAN
/dev/rdisk3s1s1: fsck_apfs completed at Sun Mar  6 21:20:58 2022

/dev/rdisk2s2: ** Checking the container superblock.
/dev/rdisk2s2:    Checking the checkpoint with transaction ID 19.
/dev/rdisk2s2: ** Checking the object map.
/dev/rdisk2s2: ** Checking volume /dev/rdisk2s2.
/dev/rdisk2s2: ** Checking the APFS volume superblock.
/dev/rdisk2s2:    The volume Update was formatted by com.apple.MobileSof (1933.41.2) and last modified by apfs_kext (1933.41.2).
/dev/rdisk2s2: ** QUICKCHECK ONLY; FILESYSTEM CLEAN
/dev/rdisk2s2: fsck_apfs completed at Sun Mar  6 21:20:58 2022




/dev/rdisk1s1: fsck_apfs started at Sun Mar 13 22:49:38 2022
/dev/rdisk2s1: fsck_apfs started at Sun Mar 13 22:49:38 2022
/dev/rdisk3s1: fsck_apfs started at Sun Mar 13 22:49:38 2022
/dev/rdisk1s1: error: container /dev/rdisk1 is mounted with write access; please re-run with -l.
/dev/rdisk3s1: ** QUICKCHECK ONLY; FILESYSTEM CLEAN
/dev/rdisk3s1: fsck_apfs completed at Sun Mar 13 22:49:38 2022
/dev/rdisk1s1: fsck_apfs completed at Sun Mar 13 22:49:38 2022



/dev/rdisk1s2: fsck_apfs started at Sun Mar 13 22:49:38 2022

/dev/rdisk3s2: fsck_apfs started at Sun Mar 13 22:49:38 2022
/dev/rdisk1s2: error: container /dev/rdisk1 is mounted with write access; please re-run with -l.
/dev/rdisk1s2: fsck_apfs completed at Sun Mar 13 22:49:38 2022

/dev/rdisk3s2: error: container /dev/rdisk3 is mounted with write access; please re-run with -l.
/dev/rdisk3s2: fsck_apfs completed at Sun Mar 13 22:49:38 2022

/dev/rdisk2s1: ** Checking the container superblock.
/dev/rdisk2s1:    Checking the checkpoint with transaction ID 19.
/dev/rdisk2s1: ** Checking the object map.
/dev/rdisk2s1: ** Checking volume /dev/rdisk2s1.
/dev/rdisk2s1: ** Checking the APFS volume superblock.
/dev/rdisk2s1:    The volume Recovery was formatted by newfs_apfs (1933.41.2) and last modified by apfs_kext (1933.41.2).
/dev/rdisk2s1: ** QUICKCHECK ONLY; FILESYSTEM CLEAN
/dev/rdisk2s1: fsck_apfs completed at Sun Mar 13 22:49:38 2022


/dev/rdisk1s4: fsck_apfs started at Sun Mar 13 22:49:38 2022


/dev/rdisk3s3: fsck_apfs started at Sun Mar 13 22:49:38 2022
/dev/rdisk2s2: fsck_apfs started at Sun Mar 13 22:49:38 2022
/dev/rdisk1s4: ** QUICKCHECK ONLY; FILESYSTEM CLEAN
/dev/rdisk1s4: fsck_apfs completed at Sun Mar 13 22:49:38 2022

/dev/rdisk3s3: ** QUICKCHECK ONLY; FILESYSTEM CLEAN
/dev/rdisk3s3: fsck_apfs completed at Sun Mar 13 22:49:38 2022

/dev/rdisk2s2: ** Checking the container superblock.
/dev/rdisk2s2:    Checking the checkpoint with transaction ID 19.
/dev/rdisk2s2: ** Checking the object map.
/dev/rdisk2s2: ** Checking volume /dev/rdisk2s2.
/dev/rdisk2s2: ** Checking the APFS volume superblock.
/dev/rdisk2s2:    The volume Update was formatted by com.apple.MobileSof (1933.41.2) and last modified by apfs_kext (1933.41.2).
/dev/rdisk2s2: ** QUICKCHECK ONLY; FILESYSTEM CLEAN
/dev/rdisk2s2: fsck_apfs completed at Sun Mar 13 22:49:38 2022


/dev/rdisk3s4: fsck_apfs started at Sun Mar 13 22:49:38 2022
/dev/rdisk3s4: error: container /dev/rdisk3 is mounted with write access; please re-run with -l.
/dev/rdisk3s4: fsck_apfs completed at Sun Mar 13 22:49:38 2022


/dev/rdisk1s3: fsck_apfs started at Sun Mar 13 22:49:38 2022
/dev/rdisk1s3: error: container /dev/rdisk1 is mounted with write access; please re-run with -l.
/dev/rdisk1s3: fsck_apfs completed at Sun Mar 13 22:49:38 2022


/dev/rdisk3s5: fsck_apfs started at Sun Mar 13 22:49:38 2022
/dev/rdisk3s5: error: container /dev/rdisk3 is mounted with write access; please re-run with -l.
/dev/rdisk3s5: fsck_apfs completed at Sun Mar 13 22:49:38 2022


/dev/rdisk3s6: fsck_apfs started at Sun Mar 13 22:49:38 2022
/dev/rdisk3s6: error: container /dev/rdisk3 is mounted with write access; please re-run with -l.
/dev/rdisk3s6: fsck_apfs completed at Sun Mar 13 22:49:38 2022


/dev/rdisk3s1s1: fsck_apfs started at Sun Mar 13 22:49:38 2022
/dev/rdisk3s1s1: ** QUICKCHECK ONLY; FILESYSTEM CLEAN
/dev/rdisk3s1s1: fsck_apfs completed at Sun Mar 13 22:49:38 2022




/dev/rdisk2s1: fsck_apfs started at Wed Mar 16 00:31:58 2022
/dev/rdisk1s1: fsck_apfs started at Wed Mar 16 00:31:58 2022
/dev/rdisk3s1: fsck_apfs started at Wed Mar 16 00:31:58 2022
/dev/rdisk1s1: error: container /dev/rdisk1 is mounted with write access; please re-run with -l.
/dev/rdisk3s1: ** QUICKCHECK ONLY; FILESYSTEM CLEAN
/dev/rdisk1s1: fsck_apfs completed at Wed Mar 16 00:31:58 2022

/dev/rdisk3s1: fsck_apfs completed at Wed Mar 16 00:31:58 2022


/dev/rdisk1s2: fsck_apfs started at Wed Mar 16 00:31:58 2022
/dev/rdisk1s2: error: container /dev/rdisk1 is mounted with write access; please re-run with -l.
/dev/rdisk1s2: fsck_apfs completed at Wed Mar 16 00:31:58 2022


/dev/rdisk3s2: fsck_apfs started at Wed Mar 16 00:31:58 2022
/dev/rdisk3s2: error: container /dev/rdisk3 is mounted with write access; please re-run with -l.
/dev/rdisk3s2: fsck_apfs completed at Wed Mar 16 00:31:58 2022


/dev/rdisk1s3: fsck_apfs started at Wed Mar 16 00:31:58 2022

/dev/rdisk3s3: fsck_apfs started at Wed Mar 16 00:31:58 2022
/dev/rdisk1s3: error: container /dev/rdisk1 is mounted with write access; please re-run with -l.
/dev/rdisk1s3: fsck_apfs completed at Wed Mar 16 00:31:58 2022

/dev/rdisk3s3: ** QUICKCHECK ONLY; FILESYSTEM CLEAN
/dev/rdisk3s3: fsck_apfs completed at Wed Mar 16 00:31:58 2022

/dev/rdisk2s1: ** Checking the container superblock.
/dev/rdisk2s1:    Checking the checkpoint with transaction ID 19.
/dev/rdisk2s1: ** Checking the object map.
/dev/rdisk2s1: ** Checking volume /dev/rdisk2s1.
/dev/rdisk2s1: ** Checking the APFS volume superblock.
/dev/rdisk2s1:    The volume Recovery was formatted by newfs_apfs (1933.41.2) and last modified by apfs_kext (1933.41.2).
/dev/rdisk2s1: ** QUICKCHECK ONLY; FILESYSTEM CLEAN
/dev/rdisk2s1: fsck_apfs completed at Wed Mar 16 00:31:58 2022


/dev/rdisk3s4: fsck_apfs started at Wed Mar 16 00:31:58 2022

/dev/rdisk1s4: fsck_apfs started at Wed Mar 16 00:31:58 2022
/dev/rdisk3s4: error: container /dev/rdisk3 is mounted with write access; please re-run with -l.
/dev/rdisk3s4: fsck_apfs completed at Wed Mar 16 00:31:58 2022

/dev/rdisk1s4: ** QUICKCHECK ONLY; FILESYSTEM CLEAN
/dev/rdisk1s4: fsck_apfs completed at Wed Mar 16 00:31:58 2022


/dev/rdisk2s2: fsck_apfs started at Wed Mar 16 00:31:58 2022

/dev/rdisk3s5: fsck_apfs started at Wed Mar 16 00:31:58 2022
/dev/rdisk3s5: error: container /dev/rdisk3 is mounted with write access; please re-run with -l.
/dev/rdisk3s5: fsck_apfs completed at Wed Mar 16 00:31:58 2022

/dev/rdisk2s2: ** Checking the container superblock.
/dev/rdisk2s2:    Checking the checkpoint with transaction ID 19.
/dev/rdisk2s2: ** Checking the object map.
/dev/rdisk2s2: ** Checking volume /dev/rdisk2s2.
/dev/rdisk2s2: ** Checking the APFS volume superblock.
/dev/rdisk2s2:    The volume Update was formatted by com.apple.MobileSof (1933.41.2) and last modified by apfs_kext (1933.41.2).
/dev/rdisk2s2: ** QUICKCHECK ONLY; FILESYSTEM CLEAN
/dev/rdisk2s2: fsck_apfs completed at Wed Mar 16 00:31:58 2022


/dev/rdisk3s6: fsck_apfs started at Wed Mar 16 00:31:58 2022
/dev/rdisk3s6: error: container /dev/rdisk3 is mounted with write access; please re-run with -l.
/dev/rdisk3s6: fsck_apfs completed at Wed Mar 16 00:31:58 2022


/dev/rdisk3s1s1: fsck_apfs started at Wed Mar 16 00:31:58 2022
/dev/rdisk3s1s1: ** QUICKCHECK ONLY; FILESYSTEM CLEAN
/dev/rdisk3s1s1: fsck_apfs completed at Wed Mar 16 00:31:58 2022


/dev/rdisk3s1: fsck_apfs started at Fri Mar 18 11:11:22 2022

/dev/rdisk1s1: fsck_apfs started at Fri Mar 18 11:11:22 2022

/dev/rdisk2s1: fsck_apfs started at Fri Mar 18 11:11:22 2022
/dev/rdisk1s1: error: container /dev/rdisk1 is mounted with write access; please re-run with -l.
/dev/rdisk3s1: ** QUICKCHECK ONLY; FILESYSTEM CLEAN
/dev/rdisk1s1: fsck_apfs completed at Fri Mar 18 11:11:22 2022

/dev/rdisk3s1: fsck_apfs completed at Fri Mar 18 11:11:22 2022


/dev/rdisk1s2: fsck_apfs started at Fri Mar 18 11:11:22 2022
/dev/rdisk1s2: error: container /dev/rdisk1 is mounted with write access; please re-run with -l.
/dev/rdisk1s2: fsck_apfs completed at Fri Mar 18 11:11:22 2022


/dev/rdisk3s2: fsck_apfs started at Fri Mar 18 11:11:22 2022
/dev/rdisk3s2: error: container /dev/rdisk3 is mounted with write access; please re-run with -l.
/dev/rdisk3s2: fsck_apfs completed at Fri Mar 18 11:11:22 2022


/dev/rdisk1s3: fsck_apfs started at Fri Mar 18 11:11:22 2022
/dev/rdisk1s3: error: container /dev/rdisk1 is mounted with write access; please re-run with -l.
/dev/rdisk1s3: fsck_apfs completed at Fri Mar 18 11:11:22 2022


/dev/rdisk3s3: fsck_apfs started at Fri Mar 18 11:11:22 2022
/dev/rdisk3s3: ** QUICKCHECK ONLY; FILESYSTEM CLEAN
/dev/rdisk3s3: fsck_apfs completed at Fri Mar 18 11:11:22 2022


/dev/rdisk1s4: fsck_apfs started at Fri Mar 18 11:11:22 2022
/dev/rdisk1s4: ** QUICKCHECK ONLY; FILESYSTEM CLEAN
/dev/rdisk1s4: fsck_apfs completed at Fri Mar 18 11:11:22 2022

/dev/rdisk2s1: ** Checking the container superblock.
/dev/rdisk2s1:    Checking the checkpoint with transaction ID 19.
/dev/rdisk2s1: ** Checking the object map.
/dev/rdisk2s1: ** Checking volume /dev/rdisk2s1.
/dev/rdisk2s1: ** Checking the APFS volume superblock.
/dev/rdisk2s1:    The volume Recovery was formatted by newfs_apfs (1933.41.2) and last modified by apfs_kext (1933.41.2).
/dev/rdisk2s1: ** QUICKCHECK ONLY; FILESYSTEM CLEAN

/dev/rdisk3s4: fsck_apfs started at Fri Mar 18 11:11:22 2022
/dev/rdisk3s4: error: container /dev/rdisk3 is mounted with write access; please re-run with -l.
/dev/rdisk3s4: fsck_apfs completed at Fri Mar 18 11:11:22 2022

/dev/rdisk2s1: fsck_apfs completed at Fri Mar 18 11:11:22 2022


/dev/rdisk3s6: fsck_apfs started at Fri Mar 18 11:11:22 2022
/dev/rdisk3s6: error: container /dev/rdisk3 is mounted with write access; please re-run with -l.
/dev/rdisk3s6: fsck_apfs completed at Fri Mar 18 11:11:22 2022


/dev/rdisk2s2: fsck_apfs started at Fri Mar 18 11:11:22 2022

/dev/rdisk3s5: fsck_apfs started at Fri Mar 18 11:11:22 2022
/dev/rdisk3s5: error: container /dev/rdisk3 is mounted with write access; please re-run with -l.
/dev/rdisk3s5: fsck_apfs completed at Fri Mar 18 11:11:22 2022


/dev/rdisk3s1s1: fsck_apfs started at Fri Mar 18 11:11:22 2022
/dev/rdisk3s1s1: ** QUICKCHECK ONLY; FILESYSTEM CLEAN
/dev/rdisk3s1s1: fsck_apfs completed at Fri Mar 18 11:11:22 2022

/dev/rdisk2s2: ** Checking the container superblock.
/dev/rdisk2s2:    Checking the checkpoint with transaction ID 19.
/dev/rdisk2s2: ** Checking the object map.
/dev/rdisk2s2: ** Checking volume /dev/rdisk2s2.
/dev/rdisk2s2: ** Checking the APFS volume superblock.
/dev/rdisk2s2:    The volume Update was formatted by com.apple.MobileSof (1933.41.2) and last modified by apfs_kext (1933.41.2).
/dev/rdisk2s2: ** QUICKCHECK ONLY; FILESYSTEM CLEAN
/dev/rdisk2s2: fsck_apfs completed at Fri Mar 18 11:11:22 2022


/dev/rdisk2s1: fsck_apfs started at Wed Mar 30 11:20:32 2022

/dev/rdisk1s1: fsck_apfs started at Wed Mar 30 11:20:32 2022

/dev/rdisk3s2: fsck_apfs started at Wed Mar 30 11:20:32 2022
/dev/rdisk1s1: error: container /dev/rdisk1 is mounted with write access; please re-run with -l.
/dev/rdisk3s2: error: container /dev/rdisk3 is mounted with write access; please re-run with -l.
/dev/rdisk1s1: fsck_apfs completed at Wed Mar 30 11:20:32 2022

/dev/rdisk3s2: fsck_apfs completed at Wed Mar 30 11:20:32 2022


/dev/rdisk1s2: fsck_apfs started at Wed Mar 30 11:20:32 2022
/dev/rdisk1s2: error: container /dev/rdisk1 is mounted with write access; please re-run with -l.
/dev/rdisk1s2: fsck_apfs completed at Wed Mar 30 11:20:32 2022

/dev/rdisk2s1: ** Checking the container superblock.
/dev/rdisk2s1:    Checking the checkpoint with transaction ID 19.
/dev/rdisk2s1: ** Checking the object map.
/dev/rdisk2s1: ** Checking volume /dev/rdisk2s1.
/dev/rdisk2s1: ** Checking the APFS volume superblock.
/dev/rdisk2s1:    The volume Recovery was formatted by newfs_apfs (1933.41.2) and last modified by apfs_kext (1933.41.2).
/dev/rdisk2s1: ** QUICKCHECK ONLY; FILESYSTEM CLEAN
/dev/rdisk2s1: fsck_apfs completed at Wed Mar 30 11:20:32 2022


/dev/rdisk1s3: fsck_apfs started at Wed Mar 30 11:20:32 2022

/dev/rdisk3s1: fsck_apfs started at Wed Mar 30 11:20:32 2022
/dev/rdisk1s3: error: container /dev/rdisk1 is mounted with write access; please re-run with -l.
/dev/rdisk1s3: fsck_apfs completed at Wed Mar 30 11:20:32 2022

/dev/rdisk3s1: ** QUICKCHECK ONLY; FILESYSTEM CLEAN
/dev/rdisk3s1: fsck_apfs completed at Wed Mar 30 11:20:32 2022


/dev/rdisk2s2: fsck_apfs started at Wed Mar 30 11:20:32 2022


/dev/rdisk1s4: fsck_apfs started at Wed Mar 30 11:20:32 2022
/dev/rdisk3s3: fsck_apfs started at Wed Mar 30 11:20:32 2022
/dev/rdisk1s4: ** QUICKCHECK ONLY; FILESYSTEM CLEAN
/dev/rdisk1s4: fsck_apfs completed at Wed Mar 30 11:20:32 2022

/dev/rdisk3s3: ** QUICKCHECK ONLY; FILESYSTEM CLEAN
/dev/rdisk3s3: fsck_apfs completed at Wed Mar 30 11:20:32 2022

/dev/rdisk2s2: ** Checking the container superblock.
/dev/rdisk2s2:    Checking the checkpoint with transaction ID 19.
/dev/rdisk2s2: ** Checking the object map.
/dev/rdisk2s2: ** Checking volume /dev/rdisk2s2.
/dev/rdisk2s2: ** Checking the APFS volume superblock.
/dev/rdisk2s2:    The volume Update was formatted by com.apple.MobileSof (1933.41.2) and last modified by apfs_kext (1933.41.2).
/dev/rdisk2s2: ** QUICKCHECK ONLY; FILESYSTEM CLEAN
/dev/rdisk2s2: fsck_apfs completed at Wed Mar 30 11:20:32 2022


/dev/rdisk3s4: fsck_apfs started at Wed Mar 30 11:20:32 2022
/dev/rdisk3s4: error: container /dev/rdisk3 is mounted with write access; please re-run with -l.
/dev/rdisk3s4: fsck_apfs completed at Wed Mar 30 11:20:32 2022


/dev/rdisk3s6: fsck_apfs started at Wed Mar 30 11:20:32 2022
/dev/rdisk3s6: error: container /dev/rdisk3 is mounted with write access; please re-run with -l.
/dev/rdisk3s6: fsck_apfs completed at Wed Mar 30 11:20:32 2022


/dev/rdisk3s5: fsck_apfs started at Wed Mar 30 11:20:32 2022
/dev/rdisk3s5: error: container /dev/rdisk3 is mounted with write access; please re-run with -l.
/dev/rdisk3s5: fsck_apfs completed at Wed Mar 30 11:20:32 2022


/dev/rdisk3s1s1: fsck_apfs started at Wed Mar 30 11:20:33 2022
/dev/rdisk3s1s1: ** QUICKCHECK ONLY; FILESYSTEM CLEAN
/dev/rdisk3s1s1: fsck_apfs completed at Wed Mar 30 11:20:33 2022



/dev/rdisk3s1: fsck_apfs started at Thu Apr  7 23:55:59 2022

/dev/rdisk2s1: fsck_apfs started at Thu Apr  7 23:55:59 2022
/dev/rdisk1s1: fsck_apfs started at Thu Apr  7 23:55:59 2022
/dev/rdisk1s1: error: container /dev/rdisk1 is mounted with write access; please re-run with -l.
/dev/rdisk3s1: ** QUICKCHECK ONLY; FILESYSTEM CLEAN
/dev/rdisk1s1: fsck_apfs completed at Thu Apr  7 23:55:59 2022
/dev/rdisk3s1: fsck_apfs completed at Thu Apr  7 23:55:59 2022



/dev/rdisk1s2: fsck_apfs started at Thu Apr  7 23:55:59 2022

/dev/rdisk3s2: fsck_apfs started at Thu Apr  7 23:55:59 2022
/dev/rdisk1s2: error: container /dev/rdisk1 is mounted with write access; please re-run with -l.
/dev/rdisk1s2: fsck_apfs completed at Thu Apr  7 23:55:59 2022

/dev/rdisk3s2: error: container /dev/rdisk3 is mounted with write access; please re-run with -l.
/dev/rdisk3s2: fsck_apfs completed at Thu Apr  7 23:55:59 2022


/dev/rdisk1s4: fsck_apfs started at Thu Apr  7 23:55:59 2022

/dev/rdisk3s3: fsck_apfs started at Thu Apr  7 23:55:59 2022
/dev/rdisk2s1: ** Checking the container superblock.
/dev/rdisk2s1:    Checking the checkpoint with transaction ID 19.
/dev/rdisk2s1: ** Checking the object map.
/dev/rdisk2s1: ** Checking volume /dev/rdisk2s1.
/dev/rdisk2s1: ** Checking the APFS volume superblock.
/dev/rdisk2s1:    The volume Recovery was formatted by newfs_apfs (1933.41.2) and last modified by apfs_kext (1933.41.2).
/dev/rdisk2s1: ** QUICKCHECK ONLY; FILESYSTEM CLEAN
/dev/rdisk1s4: ** QUICKCHECK ONLY; FILESYSTEM CLEAN
/dev/rdisk1s4: fsck_apfs completed at Thu Apr  7 23:55:59 2022

/dev/rdisk3s3: ** QUICKCHECK ONLY; FILESYSTEM CLEAN
/dev/rdisk3s3: fsck_apfs completed at Thu Apr  7 23:55:59 2022

/dev/rdisk2s1: fsck_apfs completed at Thu Apr  7 23:55:59 2022


/dev/rdisk2s2: fsck_apfs started at Thu Apr  7 23:55:59 2022

/dev/rdisk3s4: fsck_apfs started at Thu Apr  7 23:55:59 2022

/dev/rdisk1s3: fsck_apfs started at Thu Apr  7 23:55:59 2022
/dev/rdisk3s4: error: container /dev/rdisk3 is mounted with write access; please re-run with -l.
/dev/rdisk3s4: fsck_apfs completed at Thu Apr  7 23:55:59 2022

/dev/rdisk1s3: error: container /dev/rdisk1 is mounted with write access; please re-run with -l.
/dev/rdisk1s3: fsck_apfs completed at Thu Apr  7 23:55:59 2022


/dev/rdisk3s6: fsck_apfs started at Thu Apr  7 23:55:59 2022
/dev/rdisk3s6: error: container /dev/rdisk3 is mounted with write access; please re-run with -l.
/dev/rdisk3s6: fsck_apfs completed at Thu Apr  7 23:55:59 2022


/dev/rdisk3s5: fsck_apfs started at Thu Apr  7 23:55:59 2022
/dev/rdisk3s5: error: container /dev/rdisk3 is mounted with write access; please re-run with -l.
/dev/rdisk3s5: fsck_apfs completed at Thu Apr  7 23:55:59 2022

/dev/rdisk2s2: ** Checking the container superblock.
/dev/rdisk2s2:    Checking the checkpoint with transaction ID 19.
/dev/rdisk2s2: ** Checking the object map.
/dev/rdisk2s2: ** Checking volume /dev/rdisk2s2.
/dev/rdisk2s2: ** Checking the APFS volume superblock.
/dev/rdisk2s2:    The volume Update was formatted by com.apple.MobileSof (1933.41.2) and last modified by apfs_kext (1933.41.2).
/dev/rdisk2s2: ** QUICKCHECK ONLY; FILESYSTEM CLEAN
/dev/rdisk2s2: fsck_apfs completed at Thu Apr  7 23:55:59 2022


/dev/rdisk3s1s1: fsck_apfs started at Thu Apr  7 23:55:59 2022
/dev/rdisk3s1s1: ** QUICKCHECK ONLY; FILESYSTEM CLEAN
/dev/rdisk3s1s1: fsck_apfs completed at Thu Apr  7 23:55:59 2022



/dev/rdisk1s1: fsck_apfs started at Wed Apr 13 03:54:36 2022
/dev/rdisk3s1: fsck_apfs started at Wed Apr 13 03:54:36 2022

/dev/rdisk2s1: fsck_apfs started at Wed Apr 13 03:54:36 2022
/dev/rdisk3s1: ** QUICKCHECK ONLY; FILESYSTEM CLEAN
/dev/rdisk1s1: error: container /dev/rdisk1 is mounted with write access; please re-run with -l.
/dev/rdisk3s1: fsck_apfs completed at Wed Apr 13 03:54:36 2022

/dev/rdisk1s1: fsck_apfs completed at Wed Apr 13 03:54:36 2022


/dev/rdisk3s2: fsck_apfs started at Wed Apr 13 03:54:36 2022
/dev/rdisk3s2: error: container /dev/rdisk3 is mounted with write access; please re-run with -l.
/dev/rdisk3s2: fsck_apfs completed at Wed Apr 13 03:54:36 2022



/dev/rdisk1s2: fsck_apfs started at Wed Apr 13 03:54:36 2022
/dev/rdisk3s3: fsck_apfs started at Wed Apr 13 03:54:36 2022
/dev/rdisk1s2: error: container /dev/rdisk1 is mounted with write access; please re-run with -l.
/dev/rdisk1s2: fsck_apfs completed at Wed Apr 13 03:54:36 2022

/dev/rdisk3s3: ** QUICKCHECK ONLY; FILESYSTEM CLEAN
/dev/rdisk3s3: fsck_apfs completed at Wed Apr 13 03:54:36 2022

/dev/rdisk2s1: ** Checking the container superblock.
/dev/rdisk2s1:    Checking the checkpoint with transaction ID 20.
/dev/rdisk2s1: ** Checking the object map.
/dev/rdisk2s1: ** Checking volume /dev/rdisk2s1.
/dev/rdisk2s1: ** Checking the APFS volume superblock.
/dev/rdisk2s1:    The volume Recovery was formatted by newfs_apfs (1933.41.2) and last modified by apfs_kext (1933.41.2).
/dev/rdisk2s1: ** QUICKCHECK ONLY; FILESYSTEM CLEAN
/dev/rdisk2s1: fsck_apfs completed at Wed Apr 13 03:54:36 2022


/dev/rdisk3s4: fsck_apfs started at Wed Apr 13 03:54:36 2022

/dev/rdisk1s4: fsck_apfs started at Wed Apr 13 03:54:36 2022

/dev/rdisk2s2: fsck_apfs started at Wed Apr 13 03:54:36 2022
/dev/rdisk3s4: error: container /dev/rdisk3 is mounted with write access; please re-run with -l.
/dev/rdisk3s4: fsck_apfs completed at Wed Apr 13 03:54:36 2022

/dev/rdisk1s4: ** QUICKCHECK ONLY; FILESYSTEM CLEAN
/dev/rdisk1s4: fsck_apfs completed at Wed Apr 13 03:54:36 2022

/dev/rdisk2s2: ** Checking the container superblock.
/dev/rdisk2s2:    Checking the checkpoint with transaction ID 20.
/dev/rdisk2s2: ** Checking the object map.
/dev/rdisk2s2: ** Checking volume /dev/rdisk2s2.
/dev/rdisk2s2: ** Checking the APFS volume superblock.
/dev/rdisk2s2:    The volume Update was formatted by com.apple.MobileSof (1933.41.2) and last modified by apfs_kext (1933.41.2).
/dev/rdisk2s2: ** QUICKCHECK ONLY; FILESYSTEM CLEAN
/dev/rdisk2s2: fsck_apfs completed at Wed Apr 13 03:54:36 2022


/dev/rdisk3s5: fsck_apfs started at Wed Apr 13 03:54:36 2022

/dev/rdisk1s3: fsck_apfs started at Wed Apr 13 03:54:36 2022
/dev/rdisk3s5: error: container /dev/rdisk3 is mounted with write access; please re-run with -l.
/dev/rdisk3s5: fsck_apfs completed at Wed Apr 13 03:54:36 2022

/dev/rdisk1s3: error: container /dev/rdisk1 is mounted with write access; please re-run with -l.
/dev/rdisk1s3: fsck_apfs completed at Wed Apr 13 03:54:36 2022


/dev/rdisk3s6: fsck_apfs started at Wed Apr 13 03:54:36 2022
/dev/rdisk3s6: error: container /dev/rdisk3 is mounted with write access; please re-run with -l.
/dev/rdisk3s6: fsck_apfs completed at Wed Apr 13 03:54:36 2022


/dev/rdisk3s1s1: fsck_apfs started at Wed Apr 13 03:54:36 2022
/dev/rdisk3s1s1: ** QUICKCHECK ONLY; FILESYSTEM CLEAN
/dev/rdisk3s1s1: fsck_apfs completed at Wed Apr 13 03:54:36 2022




/dev/rdisk2s1: fsck_apfs started at Wed Apr 13 03:55:26 2022
/dev/rdisk3s1: fsck_apfs started at Wed Apr 13 03:55:26 2022
/dev/rdisk1s1: fsck_apfs started at Wed Apr 13 03:55:26 2022
/dev/rdisk1s1: error: container /dev/rdisk1 is mounted with write access; please re-run with -l.
/dev/rdisk3s1: ** QUICKCHECK ONLY; FILESYSTEM CLEAN
/dev/rdisk1s1: fsck_apfs completed at Wed Apr 13 03:55:26 2022
/dev/rdisk3s1: fsck_apfs completed at Wed Apr 13 03:55:26 2022


/dev/rdisk2s1: ** Checking the container superblock.
/dev/rdisk2s1:    Checking the checkpoint with transaction ID 20.
/dev/rdisk2s1: ** Checking the object map.
/dev/rdisk2s1: ** Checking volume /dev/rdisk2s1.
/dev/rdisk2s1: ** Checking the APFS volume superblock.
/dev/rdisk2s1:    The volume Recovery was formatted by newfs_apfs (1933.41.2) and last modified by apfs_kext (1933.41.2).
/dev/rdisk2s1: ** QUICKCHECK ONLY; FILESYSTEM CLEAN
/dev/rdisk2s1: fsck_apfs completed at Wed Apr 13 03:55:26 2022


/dev/rdisk3s2: fsck_apfs started at Wed Apr 13 03:55:26 2022

/dev/rdisk1s2: fsck_apfs started at Wed Apr 13 03:55:26 2022
/dev/rdisk3s2: error: container /dev/rdisk3 is mounted with write access; please re-run with -l.
/dev/rdisk3s2: fsck_apfs completed at Wed Apr 13 03:55:26 2022

/dev/rdisk1s2: error: container /dev/rdisk1 is mounted with write access; please re-run with -l.
/dev/rdisk1s2: fsck_apfs completed at Wed Apr 13 03:55:26 2022



/dev/rdisk2s2: fsck_apfs started at Wed Apr 13 03:55:26 2022

/dev/rdisk3s4: fsck_apfs started at Wed Apr 13 03:55:26 2022
/dev/rdisk1s3: fsck_apfs started at Wed Apr 13 03:55:26 2022
/dev/rdisk3s4: error: container /dev/rdisk3 is mounted with write access; please re-run with -l.
/dev/rdisk3s4: fsck_apfs completed at Wed Apr 13 03:55:26 2022

/dev/rdisk1s3: error: container /dev/rdisk1 is mounted with write access; please re-run with -l.
/dev/rdisk1s3: fsck_apfs completed at Wed Apr 13 03:55:26 2022


/dev/rdisk1s4: fsck_apfs started at Wed Apr 13 03:55:26 2022

/dev/rdisk3s3: fsck_apfs started at Wed Apr 13 03:55:26 2022
/dev/rdisk1s4: ** QUICKCHECK ONLY; FILESYSTEM CLEAN
/dev/rdisk1s4: fsck_apfs completed at Wed Apr 13 03:55:26 2022

/dev/rdisk3s3: ** QUICKCHECK ONLY; FILESYSTEM CLEAN
/dev/rdisk3s3: fsck_apfs completed at Wed Apr 13 03:55:26 2022

/dev/rdisk2s2: ** Checking the container superblock.
/dev/rdisk2s2:    Checking the checkpoint with transaction ID 20.
/dev/rdisk2s2: ** Checking the object map.
/dev/rdisk2s2: ** Checking volume /dev/rdisk2s2.
/dev/rdisk2s2: ** Checking the APFS volume superblock.
/dev/rdisk2s2:    The volume Update was formatted by com.apple.MobileSof (1933.41.2) and last modified by apfs_kext (1933.41.2).
/dev/rdisk2s2: ** QUICKCHECK ONLY; FILESYSTEM CLEAN
/dev/rdisk2s2: fsck_apfs completed at Wed Apr 13 03:55:26 2022


/dev/rdisk3s5: fsck_apfs started at Wed Apr 13 03:55:26 2022
/dev/rdisk3s5: error: container /dev/rdisk3 is mounted with write access; please re-run with -l.
/dev/rdisk3s5: fsck_apfs completed at Wed Apr 13 03:55:26 2022


/dev/rdisk3s6: fsck_apfs started at Wed Apr 13 03:55:26 2022
/dev/rdisk3s6: error: container /dev/rdisk3 is mounted with write access; please re-run with -l.
/dev/rdisk3s6: fsck_apfs completed at Wed Apr 13 03:55:26 2022


/dev/rdisk3s1s1: fsck_apfs started at Wed Apr 13 03:55:26 2022
/dev/rdisk3s1s1: ** QUICKCHECK ONLY; FILESYSTEM CLEAN
/dev/rdisk3s1s1: fsck_apfs completed at Wed Apr 13 03:55:26 2022



/dev/rdisk1s1: fsck_apfs started at Wed Apr 13 03:58:46 2022
/dev/rdisk2s1: fsck_apfs started at Wed Apr 13 03:58:46 2022
/dev/rdisk1s1: error: container /dev/rdisk1 is mounted with write access; please re-run with -l.
/dev/rdisk1s1: fsck_apfs completed at Wed Apr 13 03:58:46 2022


/dev/rdisk3s1: fsck_apfs started at Wed Apr 13 03:58:46 2022
/dev/rdisk3s1: ** QUICKCHECK ONLY; FILESYSTEM CLEAN
/dev/rdisk3s1: fsck_apfs completed at Wed Apr 13 03:58:46 2022


/dev/rdisk3s2: fsck_apfs started at Wed Apr 13 03:58:46 2022
/dev/rdisk3s2: error: container /dev/rdisk3 is mounted with write access; please re-run with -l.
/dev/rdisk3s2: fsck_apfs completed at Wed Apr 13 03:58:46 2022


/dev/rdisk1s2: fsck_apfs started at Wed Apr 13 03:58:46 2022
/dev/rdisk1s2: error: container /dev/rdisk1 is mounted with write access; please re-run with -l.
/dev/rdisk1s2: fsck_apfs completed at Wed Apr 13 03:58:46 2022


/dev/rdisk3s3: fsck_apfs started at Wed Apr 13 03:58:46 2022
/dev/rdisk3s3: ** QUICKCHECK ONLY; FILESYSTEM CLEAN
/dev/rdisk3s3: fsck_apfs completed at Wed Apr 13 03:58:46 2022

/dev/rdisk2s1: ** Checking the container superblock.
/dev/rdisk2s1:    Checking the checkpoint with transaction ID 20.
/dev/rdisk2s1: ** Checking the object map.
/dev/rdisk2s1: ** Checking volume /dev/rdisk2s1.
/dev/rdisk2s1: ** Checking the APFS volume superblock.
/dev/rdisk2s1:    The volume Recovery was formatted by newfs_apfs (1933.41.2) and last modified by apfs_kext (1933.41.2).
/dev/rdisk2s1: ** QUICKCHECK ONLY; FILESYSTEM CLEAN
/dev/rdisk2s1: fsck_apfs completed at Wed Apr 13 03:58:46 2022


/dev/rdisk1s3: fsck_apfs started at Wed Apr 13 03:58:46 2022

/dev/rdisk3s4: fsck_apfs started at Wed Apr 13 03:58:46 2022
/dev/rdisk1s3: error: container /dev/rdisk1 is mounted with write access; please re-run with -l.
/dev/rdisk1s3: fsck_apfs completed at Wed Apr 13 03:58:46 2022

/dev/rdisk3s4: error: container /dev/rdisk3 is mounted with write access; please re-run with -l.
/dev/rdisk3s4: fsck_apfs completed at Wed Apr 13 03:58:46 2022


/dev/rdisk2s2: fsck_apfs started at Wed Apr 13 03:58:46 2022

/dev/rdisk1s4: fsck_apfs started at Wed Apr 13 03:58:46 2022

/dev/rdisk3s5: fsck_apfs started at Wed Apr 13 03:58:46 2022
/dev/rdisk1s4: ** QUICKCHECK ONLY; FILESYSTEM CLEAN
/dev/rdisk1s4: fsck_apfs completed at Wed Apr 13 03:58:46 2022

/dev/rdisk3s5: error: container /dev/rdisk3 is mounted with write access; please re-run with -l.
/dev/rdisk3s5: fsck_apfs completed at Wed Apr 13 03:58:46 2022


/dev/rdisk3s6: fsck_apfs started at Wed Apr 13 03:58:46 2022
/dev/rdisk3s6: error: container /dev/rdisk3 is mounted with write access; please re-run with -l.
/dev/rdisk3s6: fsck_apfs completed at Wed Apr 13 03:58:46 2022


/dev/rdisk3s1s1: fsck_apfs started at Wed Apr 13 03:58:46 2022
/dev/rdisk3s1s1: ** QUICKCHECK ONLY; FILESYSTEM CLEAN
/dev/rdisk3s1s1: fsck_apfs completed at Wed Apr 13 03:58:46 2022

/dev/rdisk2s2: ** Checking the container superblock.
/dev/rdisk2s2:    Checking the checkpoint with transaction ID 20.
/dev/rdisk2s2: ** Checking the object map.
/dev/rdisk2s2: ** Checking volume /dev/rdisk2s2.
/dev/rdisk2s2: ** Checking the APFS volume superblock.
/dev/rdisk2s2:    The volume Update was formatted by com.apple.MobileSof (1933.41.2) and last modified by apfs_kext (1933.41.2).
/dev/rdisk2s2: ** QUICKCHECK ONLY; FILESYSTEM CLEAN
/dev/rdisk2s2: fsck_apfs completed at Wed Apr 13 03:58:46 2022




/dev/rdisk3s1: fsck_apfs started at Wed Apr 13 04:03:07 2022
/dev/rdisk2s1: fsck_apfs started at Wed Apr 13 04:03:07 2022
/dev/rdisk1s1: fsck_apfs started at Wed Apr 13 04:03:07 2022
/dev/rdisk1s1: error: container /dev/rdisk1 is mounted with write access; please re-run with -l.
/dev/rdisk3s1: ** QUICKCHECK ONLY; FILESYSTEM CLEAN
/dev/rdisk1s1: fsck_apfs completed at Wed Apr 13 04:03:07 2022
/dev/rdisk3s1: fsck_apfs completed at Wed Apr 13 04:03:07 2022



/dev/rdisk1s2: fsck_apfs started at Wed Apr 13 04:03:07 2022

/dev/rdisk3s2: fsck_apfs started at Wed Apr 13 04:03:07 2022
/dev/rdisk1s2: error: container /dev/rdisk1 is mounted with write access; please re-run with -l.
/dev/rdisk1s2: fsck_apfs completed at Wed Apr 13 04:03:07 2022

/dev/rdisk3s2: error: container /dev/rdisk3 is mounted with write access; please re-run with -l.
/dev/rdisk3s2: fsck_apfs completed at Wed Apr 13 04:03:07 2022

/dev/rdisk2s1: ** Checking the container superblock.
/dev/rdisk2s1:    Checking the checkpoint with transaction ID 20.
/dev/rdisk2s1: ** Checking the object map.
/dev/rdisk2s1: ** Checking volume /dev/rdisk2s1.
/dev/rdisk2s1: ** Checking the APFS volume superblock.
/dev/rdisk2s1:    The volume Recovery was formatted by newfs_apfs (1933.41.2) and last modified by apfs_kext (1933.41.2).
/dev/rdisk2s1: ** QUICKCHECK ONLY; FILESYSTEM CLEAN
/dev/rdisk2s1: fsck_apfs completed at Wed Apr 13 04:03:07 2022


/dev/rdisk2s2: fsck_apfs started at Wed Apr 13 04:03:07 2022

/dev/rdisk1s3: fsck_apfs started at Wed Apr 13 04:03:07 2022

/dev/rdisk3s3: fsck_apfs started at Wed Apr 13 04:03:07 2022
/dev/rdisk1s3: error: container /dev/rdisk1 is mounted with write access; please re-run with -l.
/dev/rdisk1s3: fsck_apfs completed at Wed Apr 13 04:03:07 2022

/dev/rdisk3s3: ** QUICKCHECK ONLY; FILESYSTEM CLEAN
/dev/rdisk3s3: fsck_apfs completed at Wed Apr 13 04:03:07 2022


/dev/rdisk1s4: fsck_apfs started at Wed Apr 13 04:03:07 2022

/dev/rdisk3s4: fsck_apfs started at Wed Apr 13 04:03:07 2022
/dev/rdisk1s4: ** QUICKCHECK ONLY; FILESYSTEM CLEAN
/dev/rdisk1s4: fsck_apfs completed at Wed Apr 13 04:03:07 2022

/dev/rdisk3s4: error: container /dev/rdisk3 is mounted with write access; please re-run with -l.
/dev/rdisk3s4: fsck_apfs completed at Wed Apr 13 04:03:07 2022


/dev/rdisk3s5: fsck_apfs started at Wed Apr 13 04:03:07 2022
/dev/rdisk3s5: error: container /dev/rdisk3 is mounted with write access; please re-run with -l.
/dev/rdisk3s5: fsck_apfs completed at Wed Apr 13 04:03:07 2022

/dev/rdisk2s2: ** Checking the container superblock.
/dev/rdisk2s2:    Checking the checkpoint with transaction ID 20.
/dev/rdisk2s2: ** Checking the object map.
/dev/rdisk2s2: ** Checking volume /dev/rdisk2s2.
/dev/rdisk2s2: ** Checking the APFS volume superblock.
/dev/rdisk2s2:    The volume Update was formatted by com.apple.MobileSof (1933.41.2) and last modified by apfs_kext (1933.41.2).
/dev/rdisk2s2: ** QUICKCHECK ONLY; FILESYSTEM CLEAN
/dev/rdisk2s2: fsck_apfs completed at Wed Apr 13 04:03:07 2022


/dev/rdisk3s6: fsck_apfs started at Wed Apr 13 04:03:07 2022
/dev/rdisk3s6: error: container /dev/rdisk3 is mounted with write access; please re-run with -l.
/dev/rdisk3s6: fsck_apfs completed at Wed Apr 13 04:03:07 2022


/dev/rdisk3s1s1: fsck_apfs started at Wed Apr 13 04:03:07 2022
/dev/rdisk3s1s1: ** QUICKCHECK ONLY; FILESYSTEM CLEAN
/dev/rdisk3s1s1: fsck_apfs completed at Wed Apr 13 04:03:07 2022



/dev/rdisk3s1: fsck_apfs started at Sat Apr 16 15:30:09 2022

/dev/rdisk2s1: fsck_apfs started at Sat Apr 16 15:30:09 2022
/dev/rdisk1s1: fsck_apfs started at Sat Apr 16 15:30:09 2022
/dev/rdisk1s1: error: container /dev/rdisk1 is mounted with write access; please re-run with -l.
/dev/rdisk3s1: ** QUICKCHECK ONLY; FILESYSTEM CLEAN
/dev/rdisk3s1: fsck_apfs completed at Sat Apr 16 15:30:09 2022

/dev/rdisk1s1: fsck_apfs completed at Sat Apr 16 15:30:09 2022


/dev/rdisk1s2: fsck_apfs started at Sat Apr 16 15:30:09 2022
/dev/rdisk1s2: error: container /dev/rdisk1 is mounted with write access; please re-run with -l.
/dev/rdisk1s2: fsck_apfs completed at Sat Apr 16 15:30:09 2022


/dev/rdisk3s2: fsck_apfs started at Sat Apr 16 15:30:09 2022
/dev/rdisk3s2: error: container /dev/rdisk3 is mounted with write access; please re-run with -l.
/dev/rdisk3s2: fsck_apfs completed at Sat Apr 16 15:30:10 2022


/dev/rdisk1s3: fsck_apfs started at Sat Apr 16 15:30:10 2022
/dev/rdisk1s3: error: container /dev/rdisk1 is mounted with write access; please re-run with -l.
/dev/rdisk1s3: fsck_apfs completed at Sat Apr 16 15:30:10 2022


/dev/rdisk3s4: fsck_apfs started at Sat Apr 16 15:30:10 2022
/dev/rdisk3s4: error: container /dev/rdisk3 is mounted with write access; please re-run with -l.
/dev/rdisk3s4: fsck_apfs completed at Sat Apr 16 15:30:10 2022


/dev/rdisk1s4: fsck_apfs started at Sat Apr 16 15:30:10 2022
/dev/rdisk1s4: ** QUICKCHECK ONLY; FILESYSTEM CLEAN
/dev/rdisk1s4: fsck_apfs completed at Sat Apr 16 15:30:10 2022

/dev/rdisk2s1: ** Checking the container superblock.
/dev/rdisk2s1:    Checking the checkpoint with transaction ID 20.
/dev/rdisk2s1: ** Checking the object map.
/dev/rdisk2s1: ** Checking volume /dev/rdisk2s1.
/dev/rdisk2s1: ** Checking the APFS volume superblock.
/dev/rdisk2s1:    The volume Recovery was formatted by newfs_apfs (1933.41.2) and last modified by apfs_kext (1933.41.2).
/dev/rdisk2s1: ** QUICKCHECK ONLY; FILESYSTEM CLEAN
/dev/rdisk2s1: fsck_apfs completed at Sat Apr 16 15:30:10 2022


/dev/rdisk3s5: fsck_apfs started at Sat Apr 16 15:30:10 2022
/dev/rdisk3s5: error: container /dev/rdisk3 is mounted with write access; please re-run with -l.
/dev/rdisk3s5: fsck_apfs completed at Sat Apr 16 15:30:10 2022


/dev/rdisk2s2: fsck_apfs started at Sat Apr 16 15:30:10 2022

/dev/rdisk3s3: fsck_apfs started at Sat Apr 16 15:30:10 2022
/dev/rdisk2s2: ** Checking the container superblock.
/dev/rdisk2s2:    Checking the checkpoint with transaction ID 20.
/dev/rdisk2s2: ** Checking the object map.
/dev/rdisk2s2: ** Checking volume /dev/rdisk2s2.
/dev/rdisk2s2: ** Checking the APFS volume superblock.
/dev/rdisk2s2:    The volume Update was formatted by com.apple.MobileSof (1933.41.2) and last modified by apfs_kext (1933.41.2).
/dev/rdisk2s2: ** QUICKCHECK ONLY; FILESYSTEM CLEAN
/dev/rdisk3s3: ** QUICKCHECK ONLY; FILESYSTEM CLEAN
/dev/rdisk3s3: fsck_apfs completed at Sat Apr 16 15:30:10 2022

/dev/rdisk2s2: fsck_apfs completed at Sat Apr 16 15:30:10 2022


/dev/rdisk3s6: fsck_apfs started at Sat Apr 16 15:30:10 2022
/dev/rdisk3s6: error: container /dev/rdisk3 is mounted with write access; please re-run with -l.
/dev/rdisk3s6: fsck_apfs completed at Sat Apr 16 15:30:10 2022


/dev/rdisk3s1s1: fsck_apfs started at Sat Apr 16 15:30:10 2022
/dev/rdisk3s1s1: ** QUICKCHECK ONLY; FILESYSTEM CLEAN
/dev/rdisk3s1s1: fsck_apfs completed at Sat Apr 16 15:30:10 2022



/dev/rdisk1s1: fsck_apfs started at Fri Apr 22 13:40:51 2022
/dev/rdisk2s1: fsck_apfs started at Fri Apr 22 13:40:51 2022
/dev/rdisk1s1: error: container /dev/rdisk1 is mounted with write access; please re-run with -l.
/dev/rdisk1s1: fsck_apfs completed at Fri Apr 22 13:40:51 2022


/dev/rdisk3s1: fsck_apfs started at Fri Apr 22 13:40:51 2022
/dev/rdisk3s1: ** QUICKCHECK ONLY; FILESYSTEM CLEAN
/dev/rdisk3s1: fsck_apfs completed at Fri Apr 22 13:40:51 2022


/dev/rdisk1s2: fsck_apfs started at Fri Apr 22 13:40:51 2022
/dev/rdisk1s2: error: container /dev/rdisk1 is mounted with write access; please re-run with -l.
/dev/rdisk1s2: fsck_apfs completed at Fri Apr 22 13:40:51 2022


/dev/rdisk3s2: fsck_apfs started at Fri Apr 22 13:40:51 2022

/dev/rdisk1s3: fsck_apfs started at Fri Apr 22 13:40:51 2022
/dev/rdisk3s2: error: container /dev/rdisk3 is mounted with write access; please re-run with -l.
/dev/rdisk3s2: fsck_apfs completed at Fri Apr 22 13:40:51 2022

/dev/rdisk1s3: error: container /dev/rdisk1 is mounted with write access; please re-run with -l.
/dev/rdisk1s3: fsck_apfs completed at Fri Apr 22 13:40:51 2022

/dev/rdisk2s1: ** Checking the container superblock.
/dev/rdisk2s1:    Checking the checkpoint with transaction ID 20.
/dev/rdisk2s1: ** Checking the object map.
/dev/rdisk2s1: ** Checking volume /dev/rdisk2s1.
/dev/rdisk2s1: ** Checking the APFS volume superblock.
/dev/rdisk2s1:    The volume Recovery was formatted by newfs_apfs (1933.41.2) and last modified by apfs_kext (1933.41.2).
/dev/rdisk2s1: ** QUICKCHECK ONLY; FILESYSTEM CLEAN
/dev/rdisk2s1: fsck_apfs completed at Fri Apr 22 13:40:51 2022


/dev/rdisk1s4: fsck_apfs started at Fri Apr 22 13:40:51 2022

/dev/rdisk3s3: fsck_apfs started at Fri Apr 22 13:40:51 2022
/dev/rdisk1s4: ** QUICKCHECK ONLY; FILESYSTEM CLEAN
/dev/rdisk1s4: fsck_apfs completed at Fri Apr 22 13:40:51 2022

/dev/rdisk3s3: ** QUICKCHECK ONLY; FILESYSTEM CLEAN
/dev/rdisk3s3: fsck_apfs completed at Fri Apr 22 13:40:51 2022


/dev/rdisk2s2: fsck_apfs started at Fri Apr 22 13:40:51 2022

/dev/rdisk3s4: fsck_apfs started at Fri Apr 22 13:40:51 2022
/dev/rdisk3s4: error: container /dev/rdisk3 is mounted with write access; please re-run with -l.
/dev/rdisk3s4: fsck_apfs completed at Fri Apr 22 13:40:51 2022


/dev/rdisk3s5: fsck_apfs started at Fri Apr 22 13:40:51 2022
/dev/rdisk3s5: error: container /dev/rdisk3 is mounted with write access; please re-run with -l.
/dev/rdisk3s5: fsck_apfs completed at Fri Apr 22 13:40:51 2022


/dev/rdisk3s6: fsck_apfs started at Fri Apr 22 13:40:52 2022
/dev/rdisk3s6: error: container /dev/rdisk3 is mounted with write access; please re-run with -l.
/dev/rdisk3s6: fsck_apfs completed at Fri Apr 22 13:40:52 2022

/dev/rdisk2s2: ** Checking the container superblock.

/dev/rdisk3s1s1: fsck_apfs started at Fri Apr 22 13:40:52 2022
/dev/rdisk2s2:    Checking the checkpoint with transaction ID 20.
/dev/rdisk2s2: ** Checking the object map.
/dev/rdisk2s2: ** Checking volume /dev/rdisk2s2.
/dev/rdisk2s2: ** Checking the APFS volume superblock.
/dev/rdisk2s2:    The volume Update was formatted by com.apple.MobileSof (1933.41.2) and last modified by apfs_kext (1933.41.2).
/dev/rdisk2s2: ** QUICKCHECK ONLY; FILESYSTEM CLEAN
/dev/rdisk3s1s1: ** QUICKCHECK ONLY; FILESYSTEM CLEAN
/dev/rdisk3s1s1: fsck_apfs completed at Fri Apr 22 13:40:52 2022

/dev/rdisk2s2: fsck_apfs completed at Fri Apr 22 13:40:52 2022



/dev/rdisk2s1: fsck_apfs started at Sat Apr 23 08:09:46 2022
/dev/rdisk3s1: fsck_apfs started at Sat Apr 23 08:09:46 2022

/dev/rdisk1s1: fsck_apfs started at Sat Apr 23 08:09:46 2022
/dev/rdisk1s1: error: container /dev/rdisk1 is mounted with write access; please re-run with -l.
/dev/rdisk3s1: ** QUICKCHECK ONLY; FILESYSTEM CLEAN
/dev/rdisk3s1: fsck_apfs completed at Sat Apr 23 08:09:46 2022

/dev/rdisk1s1: fsck_apfs completed at Sat Apr 23 08:09:46 2022


/dev/rdisk3s2: fsck_apfs started at Sat Apr 23 08:09:46 2022

/dev/rdisk1s2: fsck_apfs started at Sat Apr 23 08:09:46 2022
/dev/rdisk3s2: error: container /dev/rdisk3 is mounted with write access; please re-run with -l.
/dev/rdisk3s2: fsck_apfs completed at Sat Apr 23 08:09:46 2022

/dev/rdisk1s2: error: container /dev/rdisk1 is mounted with write access; please re-run with -l.
/dev/rdisk1s2: fsck_apfs completed at Sat Apr 23 08:09:46 2022


/dev/rdisk1s3: fsck_apfs started at Sat Apr 23 08:09:46 2022
/dev/rdisk1s3: error: container /dev/rdisk1 is mounted with write access; please re-run with -l.
/dev/rdisk1s3: fsck_apfs completed at Sat Apr 23 08:09:46 2022


/dev/rdisk3s3: fsck_apfs started at Sat Apr 23 08:09:46 2022
/dev/rdisk3s3: ** QUICKCHECK ONLY; FILESYSTEM CLEAN
/dev/rdisk3s3: fsck_apfs completed at Sat Apr 23 08:09:46 2022

/dev/rdisk2s1: ** Checking the container superblock.
/dev/rdisk2s1:    Checking the checkpoint with transaction ID 20.
/dev/rdisk2s1: ** Checking the object map.
/dev/rdisk2s1: ** Checking volume /dev/rdisk2s1.
/dev/rdisk2s1: ** Checking the APFS volume superblock.
/dev/rdisk2s1:    The volume Recovery was formatted by newfs_apfs (1933.41.2) and last modified by apfs_kext (1933.41.2).
/dev/rdisk2s1: ** QUICKCHECK ONLY; FILESYSTEM CLEAN

/dev/rdisk1s4: fsck_apfs started at Sat Apr 23 08:09:46 2022

/dev/rdisk3s4: fsck_apfs started at Sat Apr 23 08:09:46 2022
/dev/rdisk1s4: ** QUICKCHECK ONLY; FILESYSTEM CLEAN
/dev/rdisk1s4: fsck_apfs completed at Sat Apr 23 08:09:46 2022

/dev/rdisk3s4: error: container /dev/rdisk3 is mounted with write access; please re-run with -l.
/dev/rdisk3s4: fsck_apfs completed at Sat Apr 23 08:09:46 2022

/dev/rdisk2s1: fsck_apfs completed at Sat Apr 23 08:09:46 2022


/dev/rdisk2s2: fsck_apfs started at Sat Apr 23 08:09:46 2022

/dev/rdisk3s5: fsck_apfs started at Sat Apr 23 08:09:46 2022
/dev/rdisk3s5: error: container /dev/rdisk3 is mounted with write access; please re-run with -l.
/dev/rdisk3s5: fsck_apfs completed at Sat Apr 23 08:09:46 2022


/dev/rdisk3s6: fsck_apfs started at Sat Apr 23 08:09:46 2022
/dev/rdisk3s6: error: container /dev/rdisk3 is mounted with write access; please re-run with -l.
/dev/rdisk3s6: fsck_apfs completed at Sat Apr 23 08:09:46 2022


/dev/rdisk3s1s1: fsck_apfs started at Sat Apr 23 08:09:46 2022
/dev/rdisk3s1s1: ** QUICKCHECK ONLY; FILESYSTEM CLEAN
/dev/rdisk3s1s1: fsck_apfs completed at Sat Apr 23 08:09:46 2022

/dev/rdisk2s2: ** Checking the container superblock.
/dev/rdisk2s2:    Checking the checkpoint with transaction ID 20.
/dev/rdisk2s2: ** Checking the object map.
/dev/rdisk2s2: ** Checking volume /dev/rdisk2s2.
/dev/rdisk2s2: ** Checking the APFS volume superblock.
/dev/rdisk2s2:    The volume Update was formatted by com.apple.MobileSof (1933.41.2) and last modified by apfs_kext (1933.41.2).
/dev/rdisk2s2: ** QUICKCHECK ONLY; FILESYSTEM CLEAN
/dev/rdisk2s2: fsck_apfs completed at Sat Apr 23 08:09:46 2022



/dev/rdisk1s1: fsck_apfs started at Sun Apr 24 00:51:37 2022
/dev/rdisk3s1: fsck_apfs started at Sun Apr 24 00:51:37 2022

/dev/rdisk2s1: fsck_apfs started at Sun Apr 24 00:51:37 2022
/dev/rdisk1s1: error: container /dev/rdisk1 is mounted with write access; please re-run with -l.
/dev/rdisk3s1: ** QUICKCHECK ONLY; FILESYSTEM CLEAN
/dev/rdisk1s1: fsck_apfs completed at Sun Apr 24 00:51:37 2022

/dev/rdisk3s1: fsck_apfs completed at Sun Apr 24 00:51:37 2022


/dev/rdisk1s2: fsck_apfs started at Sun Apr 24 00:51:37 2022
/dev/rdisk1s2: error: container /dev/rdisk1 is mounted with write access; please re-run with -l.
/dev/rdisk1s2: fsck_apfs completed at Sun Apr 24 00:51:37 2022


/dev/rdisk3s2: fsck_apfs started at Sun Apr 24 00:51:37 2022
/dev/rdisk3s2: error: container /dev/rdisk3 is mounted with write access; please re-run with -l.
/dev/rdisk3s2: fsck_apfs completed at Sun Apr 24 00:51:37 2022


/dev/rdisk1s4: fsck_apfs started at Sun Apr 24 00:51:37 2022
/dev/rdisk1s4: ** QUICKCHECK ONLY; FILESYSTEM CLEAN
/dev/rdisk1s4: fsck_apfs completed at Sun Apr 24 00:51:37 2022

/dev/rdisk2s1: ** Checking the container superblock.


/dev/rdisk3s3: fsck_apfs started at Sun Apr 24 00:51:37 2022
/dev/rdisk1s3: fsck_apfs started at Sun Apr 24 00:51:37 2022
/dev/rdisk1s3: error: container /dev/rdisk1 is mounted with write access; please re-run with -l.
/dev/rdisk1s3: fsck_apfs completed at Sun Apr 24 00:51:37 2022

/dev/rdisk3s3: ** QUICKCHECK ONLY; FILESYSTEM CLEAN
/dev/rdisk3s3: fsck_apfs completed at Sun Apr 24 00:51:37 2022

/dev/rdisk2s1:    Checking the checkpoint with transaction ID 20.
/dev/rdisk2s1: ** Checking the object map.
/dev/rdisk2s1: ** Checking volume /dev/rdisk2s1.
/dev/rdisk2s1: ** Checking the APFS volume superblock.
/dev/rdisk2s1:    The volume Recovery was formatted by newfs_apfs (1933.41.2) and last modified by apfs_kext (1933.41.2).
/dev/rdisk2s1: ** QUICKCHECK ONLY; FILESYSTEM CLEAN
/dev/rdisk2s1: fsck_apfs completed at Sun Apr 24 00:51:37 2022


/dev/rdisk3s4: fsck_apfs started at Sun Apr 24 00:51:37 2022
/dev/rdisk3s4: error: container /dev/rdisk3 is mounted with write access; please re-run with -l.
/dev/rdisk3s4: fsck_apfs completed at Sun Apr 24 00:51:37 2022


/dev/rdisk2s2: fsck_apfs started at Sun Apr 24 00:51:37 2022

/dev/rdisk3s5: fsck_apfs started at Sun Apr 24 00:51:37 2022
/dev/rdisk3s5: error: container /dev/rdisk3 is mounted with write access; please re-run with -l.
/dev/rdisk3s5: fsck_apfs completed at Sun Apr 24 00:51:37 2022


/dev/rdisk3s6: fsck_apfs started at Sun Apr 24 00:51:37 2022
/dev/rdisk3s6: error: container /dev/rdisk3 is mounted with write access; please re-run with -l.
/dev/rdisk3s6: fsck_apfs completed at Sun Apr 24 00:51:37 2022


/dev/rdisk3s1s1: fsck_apfs started at Sun Apr 24 00:51:38 2022
/dev/rdisk3s1s1: ** QUICKCHECK ONLY; FILESYSTEM CLEAN
/dev/rdisk3s1s1: fsck_apfs completed at Sun Apr 24 00:51:38 2022

/dev/rdisk2s2: ** Checking the container superblock.
/dev/rdisk2s2:    Checking the checkpoint with transaction ID 20.
/dev/rdisk2s2: ** Checking the object map.
/dev/rdisk2s2: ** Checking volume /dev/rdisk2s2.
/dev/rdisk2s2: ** Checking the APFS volume superblock.
/dev/rdisk2s2:    The volume Update was formatted by com.apple.MobileSof (1933.41.2) and last modified by apfs_kext (1933.41.2).
/dev/rdisk2s2: ** QUICKCHECK ONLY; FILESYSTEM CLEAN
/dev/rdisk2s2: fsck_apfs completed at Sun Apr 24 00:51:38 2022


/dev/rdisk1s1: fsck_apfs started at Sun Apr 24 23:19:19 2022

/dev/rdisk2s1: fsck_apfs started at Sun Apr 24 23:19:19 2022

/dev/rdisk3s1: fsck_apfs started at Sun Apr 24 23:19:19 2022
/dev/rdisk1s1: error: container /dev/rdisk1 is mounted with write access; please re-run with -l.
/dev/rdisk1s1: fsck_apfs completed at Sun Apr 24 23:19:19 2022

/dev/rdisk3s1: ** QUICKCHECK ONLY; FILESYSTEM CLEAN
/dev/rdisk3s1: fsck_apfs completed at Sun Apr 24 23:19:19 2022

/dev/rdisk2s1: ** Checking the container superblock.


/dev/rdisk3s2: fsck_apfs started at Sun Apr 24 23:19:19 2022
/dev/rdisk1s2: fsck_apfs started at Sun Apr 24 23:19:19 2022
/dev/rdisk2s1:    Checking the checkpoint with transaction ID 20.
/dev/rdisk2s1: ** Checking the object map.
/dev/rdisk3s2: error: container /dev/rdisk3 is mounted with write access; please re-run with -l.
/dev/rdisk2s1: ** Checking volume /dev/rdisk2s1.
/dev/rdisk2s1: ** Checking the APFS volume superblock.
/dev/rdisk3s2: fsck_apfs completed at Sun Apr 24 23:19:19 2022
/dev/rdisk2s1:    The volume Recovery was formatted by newfs_apfs (1933.41.2) and last modified by apfs_kext (1933.41.2).

/dev/rdisk2s1: ** QUICKCHECK ONLY; FILESYSTEM CLEAN
/dev/rdisk1s2: error: container /dev/rdisk1 is mounted with write access; please re-run with -l.
/dev/rdisk1s2: fsck_apfs completed at Sun Apr 24 23:19:19 2022

/dev/rdisk2s1: fsck_apfs completed at Sun Apr 24 23:19:19 2022


/dev/rdisk1s3: fsck_apfs started at Sun Apr 24 23:19:19 2022

/dev/rdisk3s3: fsck_apfs started at Sun Apr 24 23:19:19 2022

/dev/rdisk2s2: fsck_apfs started at Sun Apr 24 23:19:19 2022
/dev/rdisk1s3: error: container /dev/rdisk1 is mounted with write access; please re-run with -l.
/dev/rdisk1s3: fsck_apfs completed at Sun Apr 24 23:19:19 2022

/dev/rdisk3s3: ** QUICKCHECK ONLY; FILESYSTEM CLEAN
/dev/rdisk3s3: fsck_apfs completed at Sun Apr 24 23:19:19 2022


/dev/rdisk1s4: fsck_apfs started at Sun Apr 24 23:19:19 2022

/dev/rdisk3s4: fsck_apfs started at Sun Apr 24 23:19:19 2022
/dev/rdisk1s4: ** QUICKCHECK ONLY; FILESYSTEM CLEAN
/dev/rdisk1s4: fsck_apfs completed at Sun Apr 24 23:19:19 2022

/dev/rdisk3s4: error: container /dev/rdisk3 is mounted with write access; please re-run with -l.
/dev/rdisk3s4: fsck_apfs completed at Sun Apr 24 23:19:19 2022

/dev/rdisk2s2: ** Checking the container superblock.
/dev/rdisk2s2:    Checking the checkpoint with transaction ID 20.
/dev/rdisk2s2: ** Checking the object map.
/dev/rdisk2s2: ** Checking volume /dev/rdisk2s2.
/dev/rdisk2s2: ** Checking the APFS volume superblock.
/dev/rdisk2s2:    The volume Update was formatted by com.apple.MobileSof (1933.41.2) and last modified by apfs_kext (1933.41.2).
/dev/rdisk2s2: ** QUICKCHECK ONLY; FILESYSTEM CLEAN
/dev/rdisk2s2: fsck_apfs completed at Sun Apr 24 23:19:19 2022


/dev/rdisk3s5: fsck_apfs started at Sun Apr 24 23:19:19 2022
/dev/rdisk3s5: error: container /dev/rdisk3 is mounted with write access; please re-run with -l.
/dev/rdisk3s5: fsck_apfs completed at Sun Apr 24 23:19:19 2022


/dev/rdisk3s6: fsck_apfs started at Sun Apr 24 23:19:19 2022
/dev/rdisk3s6: error: container /dev/rdisk3 is mounted with write access; please re-run with -l.
/dev/rdisk3s6: fsck_apfs completed at Sun Apr 24 23:19:19 2022


/dev/rdisk3s1s1: fsck_apfs started at Sun Apr 24 23:19:19 2022
/dev/rdisk3s1s1: ** QUICKCHECK ONLY; FILESYSTEM CLEAN
/dev/rdisk3s1s1: fsck_apfs completed at Sun Apr 24 23:19:19 2022




/dev/rdisk2s1: fsck_apfs started at Sun Apr 24 23:23:11 2022
/dev/rdisk1s1: fsck_apfs started at Sun Apr 24 23:23:11 2022
/dev/rdisk3s1: fsck_apfs started at Sun Apr 24 23:23:11 2022
/dev/rdisk1s1: error: container /dev/rdisk1 is mounted with write access; please re-run with -l.
/dev/rdisk3s1: ** QUICKCHECK ONLY; FILESYSTEM CLEAN
/dev/rdisk1s1: fsck_apfs completed at Sun Apr 24 23:23:11 2022
/dev/rdisk3s1: fsck_apfs completed at Sun Apr 24 23:23:11 2022



/dev/rdisk1s2: fsck_apfs started at Sun Apr 24 23:23:11 2022
/dev/rdisk1s2: error: container /dev/rdisk1 is mounted with write access; please re-run with -l.
/dev/rdisk1s2: fsck_apfs completed at Sun Apr 24 23:23:11 2022

/dev/rdisk2s1: ** Checking the container superblock.
/dev/rdisk2s1:    Checking the checkpoint with transaction ID 20.
/dev/rdisk2s1: ** Checking the object map.
/dev/rdisk2s1: ** Checking volume /dev/rdisk2s1.
/dev/rdisk2s1: ** Checking the APFS volume superblock.
/dev/rdisk2s1:    The volume Recovery was formatted by newfs_apfs (1933.41.2) and last modified by apfs_kext (1933.41.2).
/dev/rdisk2s1: ** QUICKCHECK ONLY; FILESYSTEM CLEAN

/dev/rdisk3s2: fsck_apfs started at Sun Apr 24 23:23:11 2022

/dev/rdisk1s3: fsck_apfs started at Sun Apr 24 23:23:11 2022
/dev/rdisk3s2: error: container /dev/rdisk3 is mounted with write access; please re-run with -l.
/dev/rdisk3s2: fsck_apfs completed at Sun Apr 24 23:23:11 2022

/dev/rdisk1s3: error: container /dev/rdisk1 is mounted with write access; please re-run with -l.
/dev/rdisk1s3: fsck_apfs completed at Sun Apr 24 23:23:11 2022

/dev/rdisk2s1: fsck_apfs completed at Sun Apr 24 23:23:11 2022


/dev/rdisk2s2: fsck_apfs started at Sun Apr 24 23:23:11 2022

/dev/rdisk1s4: fsck_apfs started at Sun Apr 24 23:23:11 2022

/dev/rdisk3s3: fsck_apfs started at Sun Apr 24 23:23:11 2022
/dev/rdisk1s4: ** QUICKCHECK ONLY; FILESYSTEM CLEAN
/dev/rdisk1s4: fsck_apfs completed at Sun Apr 24 23:23:11 2022

/dev/rdisk3s3: ** QUICKCHECK ONLY; FILESYSTEM CLEAN
/dev/rdisk3s3: fsck_apfs completed at Sun Apr 24 23:23:11 2022


/dev/rdisk3s4: fsck_apfs started at Sun Apr 24 23:23:11 2022
/dev/rdisk3s4: error: container /dev/rdisk3 is mounted with write access; please re-run with -l.
/dev/rdisk3s4: fsck_apfs completed at Sun Apr 24 23:23:11 2022


/dev/rdisk3s5: fsck_apfs started at Sun Apr 24 23:23:11 2022
/dev/rdisk3s5: error: container /dev/rdisk3 is mounted with write access; please re-run with -l.
/dev/rdisk3s5: fsck_apfs completed at Sun Apr 24 23:23:11 2022

/dev/rdisk2s2: ** Checking the container superblock.
/dev/rdisk2s2:    Checking the checkpoint with transaction ID 20.
/dev/rdisk2s2: ** Checking the object map.
/dev/rdisk2s2: ** Checking volume /dev/rdisk2s2.
/dev/rdisk2s2: ** Checking the APFS volume superblock.
/dev/rdisk2s2:    The volume Update was formatted by com.apple.MobileSof (1933.41.2) and last modified by apfs_kext (1933.41.2).
/dev/rdisk2s2: ** QUICKCHECK ONLY; FILESYSTEM CLEAN
/dev/rdisk2s2: fsck_apfs completed at Sun Apr 24 23:23:11 2022


/dev/rdisk3s6: fsck_apfs started at Sun Apr 24 23:23:11 2022
/dev/rdisk3s6: error: container /dev/rdisk3 is mounted with write access; please re-run with -l.
/dev/rdisk3s6: fsck_apfs completed at Sun Apr 24 23:23:11 2022


/dev/rdisk3s1s1: fsck_apfs started at Sun Apr 24 23:23:11 2022
/dev/rdisk3s1s1: ** QUICKCHECK ONLY; FILESYSTEM CLEAN
/dev/rdisk3s1s1: fsck_apfs completed at Sun Apr 24 23:23:11 2022




/dev/rdisk3s1: fsck_apfs started at Sun Apr 24 23:30:50 2022
/dev/rdisk2s1: fsck_apfs started at Sun Apr 24 23:30:50 2022
/dev/rdisk1s1: fsck_apfs started at Sun Apr 24 23:30:50 2022
/dev/rdisk1s1: error: container /dev/rdisk1 is mounted with write access; please re-run with -l.
/dev/rdisk3s1: ** QUICKCHECK ONLY; FILESYSTEM CLEAN
/dev/rdisk3s1: fsck_apfs completed at Sun Apr 24 23:30:50 2022

/dev/rdisk1s1: fsck_apfs completed at Sun Apr 24 23:30:50 2022


/dev/rdisk1s2: fsck_apfs started at Sun Apr 24 23:30:50 2022
/dev/rdisk1s2: error: container /dev/rdisk1 is mounted with write access; please re-run with -l.
/dev/rdisk1s2: fsck_apfs completed at Sun Apr 24 23:30:50 2022


/dev/rdisk3s2: fsck_apfs started at Sun Apr 24 23:30:50 2022
/dev/rdisk3s2: error: container /dev/rdisk3 is mounted with write access; please re-run with -l.
/dev/rdisk3s2: fsck_apfs completed at Sun Apr 24 23:30:50 2022

/dev/rdisk2s1: ** Checking the container superblock.
/dev/rdisk2s1:    Checking the checkpoint with transaction ID 20.
/dev/rdisk2s1: ** Checking the object map.
/dev/rdisk2s1: ** Checking volume /dev/rdisk2s1.
/dev/rdisk2s1: ** Checking the APFS volume superblock.
/dev/rdisk2s1:    The volume Recovery was formatted by newfs_apfs (1933.41.2) and last modified by apfs_kext (1933.41.2).
/dev/rdisk2s1: ** QUICKCHECK ONLY; FILESYSTEM CLEAN
/dev/rdisk2s1: fsck_apfs completed at Sun Apr 24 23:30:50 2022


/dev/rdisk1s3: fsck_apfs started at Sun Apr 24 23:30:50 2022

/dev/rdisk3s4: fsck_apfs started at Sun Apr 24 23:30:50 2022
/dev/rdisk1s3: error: container /dev/rdisk1 is mounted with write access; please re-run with -l.
/dev/rdisk1s3: fsck_apfs completed at Sun Apr 24 23:30:50 2022

/dev/rdisk3s4: error: container /dev/rdisk3 is mounted with write access; please re-run with -l.
/dev/rdisk3s4: fsck_apfs completed at Sun Apr 24 23:30:50 2022


/dev/rdisk1s4: fsck_apfs started at Sun Apr 24 23:30:50 2022

/dev/rdisk2s2: fsck_apfs started at Sun Apr 24 23:30:50 2022

/dev/rdisk3s5: fsck_apfs started at Sun Apr 24 23:30:50 2022
/dev/rdisk1s4: ** QUICKCHECK ONLY; FILESYSTEM CLEAN
/dev/rdisk1s4: fsck_apfs completed at Sun Apr 24 23:30:50 2022

/dev/rdisk3s5: error: container /dev/rdisk3 is mounted with write access; please re-run with -l.
/dev/rdisk3s5: fsck_apfs completed at Sun Apr 24 23:30:50 2022


/dev/rdisk3s3: fsck_apfs started at Sun Apr 24 23:30:50 2022
/dev/rdisk3s3: ** QUICKCHECK ONLY; FILESYSTEM CLEAN
/dev/rdisk3s3: fsck_apfs completed at Sun Apr 24 23:30:50 2022


/dev/rdisk3s6: fsck_apfs started at Sun Apr 24 23:30:50 2022
/dev/rdisk3s6: error: container /dev/rdisk3 is mounted with write access; please re-run with -l.
/dev/rdisk3s6: fsck_apfs completed at Sun Apr 24 23:30:50 2022

/dev/rdisk2s2: ** Checking the container superblock.
/dev/rdisk2s2:    Checking the checkpoint with transaction ID 20.
/dev/rdisk2s2: ** Checking the object map.
/dev/rdisk2s2: ** Checking volume /dev/rdisk2s2.
/dev/rdisk2s2: ** Checking the APFS volume superblock.
/dev/rdisk2s2:    The volume Update was formatted by com.apple.MobileSof (1933.41.2) and last modified by apfs_kext (1933.41.2).
/dev/rdisk2s2: ** QUICKCHECK ONLY; FILESYSTEM CLEAN
/dev/rdisk2s2: fsck_apfs completed at Sun Apr 24 23:30:50 2022


/dev/rdisk3s1s1: fsck_apfs started at Sun Apr 24 23:30:50 2022
/dev/rdisk3s1s1: ** QUICKCHECK ONLY; FILESYSTEM CLEAN
/dev/rdisk3s1s1: fsck_apfs completed at Sun Apr 24 23:30:50 2022




/dev/rdisk3s1: fsck_apfs started at Mon Apr 25 00:59:26 2022
/dev/rdisk1s1: fsck_apfs started at Mon Apr 25 00:59:26 2022
/dev/rdisk2s1: fsck_apfs started at Mon Apr 25 00:59:26 2022
/dev/rdisk1s1: error: container /dev/rdisk1 is mounted with write access; please re-run with -l.
/dev/rdisk1s1: fsck_apfs completed at Mon Apr 25 00:59:26 2022

/dev/rdisk3s1: ** QUICKCHECK ONLY; FILESYSTEM CLEAN
/dev/rdisk3s1: fsck_apfs completed at Mon Apr 25 00:59:26 2022


/dev/rdisk1s2: fsck_apfs started at Mon Apr 25 00:59:26 2022

/dev/rdisk3s2: fsck_apfs started at Mon Apr 25 00:59:26 2022
/dev/rdisk3s2: error: container /dev/rdisk3 is mounted with write access; please re-run with -l.
/dev/rdisk1s2: error: container /dev/rdisk1 is mounted with write access; please re-run with -l.
/dev/rdisk3s2: fsck_apfs completed at Mon Apr 25 00:59:26 2022

/dev/rdisk1s2: fsck_apfs completed at Mon Apr 25 00:59:26 2022

/dev/rdisk2s1: ** Checking the container superblock.
/dev/rdisk2s1:    Checking the checkpoint with transaction ID 20.
/dev/rdisk2s1: ** Checking the object map.
/dev/rdisk2s1: ** Checking volume /dev/rdisk2s1.
/dev/rdisk2s1: ** Checking the APFS volume superblock.
/dev/rdisk2s1:    The volume Recovery was formatted by newfs_apfs (1933.41.2) and last modified by apfs_kext (1933.41.2).
/dev/rdisk2s1: ** QUICKCHECK ONLY; FILESYSTEM CLEAN
/dev/rdisk2s1: fsck_apfs completed at Mon Apr 25 00:59:26 2022


/dev/rdisk1s3: fsck_apfs started at Mon Apr 25 00:59:26 2022

/dev/rdisk3s3: fsck_apfs started at Mon Apr 25 00:59:26 2022
/dev/rdisk1s3: error: container /dev/rdisk1 is mounted with write access; please re-run with -l.
/dev/rdisk1s3: fsck_apfs completed at Mon Apr 25 00:59:26 2022

/dev/rdisk3s3: ** QUICKCHECK ONLY; FILESYSTEM CLEAN
/dev/rdisk3s3: fsck_apfs completed at Mon Apr 25 00:59:26 2022


/dev/rdisk2s2: fsck_apfs started at Mon Apr 25 00:59:26 2022

/dev/rdisk1s4: fsck_apfs started at Mon Apr 25 00:59:26 2022
/dev/rdisk1s4: ** QUICKCHECK ONLY; FILESYSTEM CLEAN
/dev/rdisk1s4: fsck_apfs completed at Mon Apr 25 00:59:26 2022


/dev/rdisk3s5: fsck_apfs started at Mon Apr 25 00:59:26 2022
/dev/rdisk3s5: error: container /dev/rdisk3 is mounted with write access; please re-run with -l.
/dev/rdisk3s5: fsck_apfs completed at Mon Apr 25 00:59:26 2022


/dev/rdisk3s4: fsck_apfs started at Mon Apr 25 00:59:26 2022
/dev/rdisk3s4: error: container /dev/rdisk3 is mounted with write access; please re-run with -l.
/dev/rdisk3s4: fsck_apfs completed at Mon Apr 25 00:59:26 2022

/dev/rdisk2s2: ** Checking the container superblock.
/dev/rdisk2s2:    Checking the checkpoint with transaction ID 20.
/dev/rdisk2s2: ** Checking the object map.
/dev/rdisk2s2: ** Checking volume /dev/rdisk2s2.
/dev/rdisk2s2: ** Checking the APFS volume superblock.
/dev/rdisk2s2:    The volume Update was formatted by com.apple.MobileSof (1933.41.2) and last modified by apfs_kext (1933.41.2).
/dev/rdisk2s2: ** QUICKCHECK ONLY; FILESYSTEM CLEAN

/dev/rdisk3s6: fsck_apfs started at Mon Apr 25 00:59:26 2022
/dev/rdisk3s6: error: container /dev/rdisk3 is mounted with write access; please re-run with -l.
/dev/rdisk3s6: fsck_apfs completed at Mon Apr 25 00:59:26 2022

/dev/rdisk2s2: fsck_apfs completed at Mon Apr 25 00:59:26 2022


/dev/rdisk3s1s1: fsck_apfs started at Mon Apr 25 00:59:26 2022
/dev/rdisk3s1s1: ** QUICKCHECK ONLY; FILESYSTEM CLEAN
/dev/rdisk3s1s1: fsck_apfs completed at Mon Apr 25 00:59:26 2022

