Sampling completed, generating report...
Security policies don't allow ddt
Security policies don't allow ddt
Security policies don't allow ddt
Saved report to /Library/Logs/DiagnosticReports/shutdown_stall_2021-11-26-013516_MacBook-Pro.shutdownStall
Sampling completed, generating report...
Security policies don't allow ddt
Security policies don't allow ddt
Security policies don't allow ddt
Saved report to /Library/Logs/DiagnosticReports/shutdown_stall_2021-11-26-013626_MacBook-Pro.shutdownStall
Sampling completed, generating report...
Security policies don't allow ddt
Security policies don't allow ddt
Security policies don't allow ddt
Security policies don't allow ddt
Security policies don't allow ddt
Saved report to /Library/Logs/DiagnosticReports/shutdown_stall_2022-02-01-003553_Sonias-MacBook-Pro.shutdownStall
Sampling completed, generating report...
There are 17 processes, limiting analysis to first 10
Security policies don't allow ddt
Security policies don't allow ddt
Security policies don't allow ddt
Security policies don't allow ddt
Security policies don't allow ddt
Security policies don't allow ddt
Security policies don't allow ddt
Security policies don't allow ddt
Security policies don't allow ddt
Security policies don't allow ddt
Saved report to /Library/Logs/DiagnosticReports/shutdown_stall_2022-03-02-212454_mx.shutdownStall
Sampling completed, generating report...
Security policies don't allow ddt
Security policies don't allow ddt
Security policies don't allow ddt
Security policies don't allow ddt
Security policies don't allow ddt
Saved report to /Library/Logs/DiagnosticReports/shutdown_stall_2022-03-05-114835_mx.shutdownStall
Sampling completed, generating report...
Security policies don't allow ddt
Security policies don't allow ddt
Security policies don't allow ddt
Security policies don't allow ddt
Saved report to /Library/Logs/DiagnosticReports/shutdown_stall_2022-03-06-212037_mx.shutdownStall
Sampling completed, generating report...
There are 14 processes, limiting analysis to first 10
Security policies don't allow ddt
Security policies don't allow ddt
Security policies don't allow ddt
Security policies don't allow ddt
Security policies don't allow ddt
Security policies don't allow ddt
Security policies don't allow ddt
Security policies don't allow ddt
Security policies don't allow ddt
Security policies don't allow ddt
Saved report to /Library/Logs/DiagnosticReports/shutdown_stall_2022-03-18-043410_mx.shutdownStall
Sampling completed, generating report...
There are 21 processes, limiting analysis to first 10
Security policies don't allow ddt
Security policies don't allow ddt
Security policies don't allow ddt
Security policies don't allow ddt
Security policies don't allow ddt
Security policies don't allow ddt
Security policies don't allow ddt
Security policies don't allow ddt
Security policies don't allow ddt
Security policies don't allow ddt
Saved report to /Library/Logs/DiagnosticReports/shutdown_stall_2022-04-13-035416_mx.shutdownStall
Sampling completed, generating report...
Security policies don't allow ddt
Security policies don't allow ddt
Security policies don't allow ddt
Security policies don't allow ddt
Security policies don't allow ddt
Saved report to /Library/Logs/DiagnosticReports/shutdown_stall_2022-04-13-035509_mx.shutdownStall
Sampling completed, generating report...
Security policies don't allow ddt
Security policies don't allow ddt
Security policies don't allow ddt
Security policies don't allow ddt
Saved report to /Library/Logs/DiagnosticReports/shutdown_stall_2022-04-13-035750_mx.shutdownStall
Sampling completed, generating report...
Security policies don't allow ddt
Security policies don't allow ddt
Security policies don't allow ddt
Security policies don't allow ddt
Saved report to /Library/Logs/DiagnosticReports/shutdown_stall_2022-04-13-035857_mx.shutdownStall
Sampling completed, generating report...
There are 19 processes, limiting analysis to first 10
Security policies don't allow ddt
Security policies don't allow ddt
Security policies don't allow ddt
Security policies don't allow ddt
Security policies don't allow ddt
Security policies don't allow ddt
Security policies don't allow ddt
Security policies don't allow ddt
Security policies don't allow ddt
Security policies don't allow ddt
Saved report to /Library/Logs/DiagnosticReports/shutdown_stall_2022-04-16-030650_mx.shutdownStall
Sampling completed, generating report...
There are 19 processes, limiting analysis to first 10
Security policies don't allow ddt
Security policies don't allow ddt
Security policies don't allow ddt
Security policies don't allow ddt
Security policies don't allow ddt
Security policies don't allow ddt
Security policies don't allow ddt
Security policies don't allow ddt
Security policies don't allow ddt
Security policies don't allow ddt
Sampling completed, generating report...
Security policies don't allow ddt
Security policies don't allow ddt
Security policies don't allow ddt
Saved report to /Library/Logs/DiagnosticReports/shutdown_stall_2022-04-23-040438_mx.shutdownStall
Sampling completed, generating report...
Security policies don't allow ddt
Security policies don't allow ddt
Security policies don't allow ddt
Security policies don't allow ddt
Saved report to /Library/Logs/DiagnosticReports/shutdown_stall_2022-04-23-081421_mx.shutdownStall
Sampling completed, generating report...
Security policies don't allow ddt
Security policies don't allow ddt
Security policies don't allow ddt
Security policies don't allow ddt
Saved report to /Library/Logs/DiagnosticReports/shutdown_stall_2022-04-24-231743_mx.shutdownStall
Sampling completed, generating report...
Security policies don't allow ddt
Security policies don't allow ddt
Security policies don't allow ddt
Security policies don't allow ddt
Saved report to /Library/Logs/DiagnosticReports/shutdown_stall_2022-04-24-231933_mx.shutdownStall
